Traceback (most recent call last):
  File "<string>", line 1, in <module>
    exec(open('/Users/jacksonhemopo/.openclaw/workspace_ito/intel/Telemetry/infra_pulse.py').read())
    ~~~~^^^^^^^^^^^^^^^^^^^^^^^^^^^^^^^^^^^^^^^^^^^^^^^^^^^^^^^^^^^^^^^^^^^^^^^^^^^^^^^^^^^^^^^^^^^^
  File "<string>", line 11, in <module>
NameError: name '__file__' is not defined. Did you mean: '__name__'?
Traceback (most recent call last):
  File "<string>", line 1, in <module>
    exec(open('/Users/jacksonhemopo/.openclaw/workspace_ito/intel/Telemetry/infra_pulse.py').read())
    ~~~~^^^^^^^^^^^^^^^^^^^^^^^^^^^^^^^^^^^^^^^^^^^^^^^^^^^^^^^^^^^^^^^^^^^^^^^^^^^^^^^^^^^^^^^^^^^^
  File "<string>", line 11, in <module>
NameError: name '__file__' is not defined. Did you mean: '__name__'?
[infra_pulse] WARN — OK:9 WARN:1 FAIL:0
[infra_pulse] WARN — OK:9 WARN:1 FAIL:0
[infra_pulse] WARN — OK:9 WARN:1 FAIL:0
[infra_pulse] WARN — OK:9 WARN:1 FAIL:0
[infra_pulse] WARN — OK:9 WARN:1 FAIL:0
[infra_pulse] WARN — OK:9 WARN:1 FAIL:0
[infra_pulse] WARN — OK:9 WARN:1 FAIL:0
[infra_pulse] WARN — OK:9 WARN:1 FAIL:0
[infra_pulse] WARN — OK:9 WARN:1 FAIL:0
[infra_pulse] WARN — OK:9 WARN:1 FAIL:0
[infra_pulse] WARN — OK:9 WARN:1 FAIL:0
[infra_pulse] WARN — OK:9 WARN:1 FAIL:0
[infra_pulse] WARN — OK:9 WARN:1 FAIL:0
[infra_pulse] WARN — OK:9 WARN:1 FAIL:0
[infra_pulse] WARN — OK:9 WARN:1 FAIL:0
[infra_pulse] WARN — OK:9 WARN:1 FAIL:0
[infra_pulse] WARN — OK:9 WARN:1 FAIL:0
[infra_pulse] WARN — OK:9 WARN:1 FAIL:0
[infra_pulse] WARN — OK:9 WARN:1 FAIL:0
[infra_pulse] WARN — OK:9 WARN:1 FAIL:0
[infra_pulse] WARN — OK:9 WARN:1 FAIL:0
[infra_pulse] WARN — OK:9 WARN:1 FAIL:0
[infra_pulse] WARN — OK:9 WARN:1 FAIL:0
[infra_pulse] WARN — OK:9 WARN:1 FAIL:0
[infra_pulse] WARN — OK:9 WARN:1 FAIL:0
[infra_pulse] WARN — OK:9 WARN:1 FAIL:0
[infra_pulse] WARN — OK:9 WARN:1 FAIL:0
[infra_pulse] WARN — OK:9 WARN:1 FAIL:0
[infra_pulse] WARN — OK:9 WARN:1 FAIL:0
[infra_pulse] WARN — OK:9 WARN:1 FAIL:0
[infra_pulse] WARN — OK:9 WARN:1 FAIL:0
[infra_pulse] WARN — OK:9 WARN:1 FAIL:0
[infra_pulse] WARN — OK:9 WARN:1 FAIL:0
[infra_pulse] WARN — OK:9 WARN:1 FAIL:0
[infra_pulse] WARN — OK:9 WARN:1 FAIL:0
[infra_pulse] WARN — OK:9 WARN:1 FAIL:0
[infra_pulse] WARN — OK:9 WARN:1 FAIL:0
[infra_pulse] WARN — OK:9 WARN:1 FAIL:0
[infra_pulse] WARN — OK:9 WARN:1 FAIL:0
[infra_pulse] WARN — OK:9 WARN:1 FAIL:0
[infra_pulse] WARN — OK:9 WARN:1 FAIL:0
[infra_pulse] WARN — OK:9 WARN:1 FAIL:0
[infra_pulse] WARN — OK:9 WARN:1 FAIL:0
[infra_pulse] WARN — OK:9 WARN:1 FAIL:0
[infra_pulse] WARN — OK:9 WARN:1 FAIL:0
[infra_pulse] WARN — OK:9 WARN:1 FAIL:0
[infra_pulse] WARN — OK:9 WARN:1 FAIL:0
[infra_pulse] WARN — OK:9 WARN:1 FAIL:0
[infra_pulse] WARN — OK:9 WARN:1 FAIL:0
[infra_pulse] WARN — OK:9 WARN:1 FAIL:0
[infra_pulse] WARN — OK:9 WARN:1 FAIL:0
[infra_pulse] WARN — OK:9 WARN:1 FAIL:0
[infra_pulse] WARN — OK:9 WARN:1 FAIL:0
Beat #54 | 2026-04-29 04:04 JST | infra_pulse: OK:9 WARN:1 FAIL:0 | Niches #95-96: Ansible Playbook Drift & Terraform Cloud State Corruption Detector | Pipeline: HEALTHY
[infra_pulse] WARN — OK:9 WARN:1 FAIL:0
[infra_pulse] WARN — OK:9 WARN:1 FAIL:0
[infra_pulse] WARN — OK:9 WARN:1 FAIL:0
[infra_pulse] WARN — OK:9 WARN:1 FAIL:0
[infra_pulse] WARN — OK:9 WARN:1 FAIL:0
[infra_pulse] WARN — OK:9 WARN:1 FAIL:0
[infra_pulse] WARN — OK:9 WARN:1 FAIL:0
[infra_pulse] WARN — OK:9 WARN:1 FAIL:0
[infra_pulse] WARN — OK:9 WARN:1 FAIL:0
[infra_pulse] WARN — OK:9 WARN:1 FAIL:0
[infra_pulse] WARN — OK:9 WARN:1 FAIL:0
[infra_pulse] WARN — OK:9 WARN:1 FAIL:0
[infra_pulse] WARN — OK:9 WARN:1 FAIL:0
[infra_pulse] WARN — OK:9 WARN:1 FAIL:0
[infra_pulse] WARN — OK:9 WARN:1 FAIL:0
[infra_pulse] WARN — OK:9 WARN:1 FAIL:0
[infra_pulse] WARN — OK:9 WARN:1 FAIL:0
[infra_pulse] WARN — OK:9 WARN:1 FAIL:0
[infra_pulse] WARN — OK:9 WARN:1 FAIL:0
[infra_pulse] WARN — OK:9 WARN:1 FAIL:0
[infra_pulse] WARN — OK:9 WARN:1 FAIL:0
[infra_pulse] WARN — OK:9 WARN:1 FAIL:0
[infra_pulse] WARN — OK:9 WARN:1 FAIL:0
[infra_pulse] WARN — OK:9 WARN:1 FAIL:0
[infra_pulse] WARN — OK:9 WARN:1 FAIL:0
[infra_pulse] WARN — OK:9 WARN:1 FAIL:0
[infra_pulse] WARN — OK:9 WARN:1 FAIL:0
[infra_pulse] WARN — OK:9 WARN:1 FAIL:0
[infra_pulse] WARN — OK:9 WARN:1 FAIL:0
[infra_pulse] WARN — OK:9 WARN:1 FAIL:0
[infra_pulse] WARN — OK:9 WARN:1 FAIL:0
[infra_pulse] WARN — OK:9 WARN:1 FAIL:0
[infra_pulse] WARN — OK:9 WARN:1 FAIL:0
[infra_pulse] WARN — OK:9 WARN:1 FAIL:0
[infra_pulse] WARN — OK:9 WARN:1 FAIL:0
[infra_pulse] WARN — OK:9 WARN:1 FAIL:0
[infra_pulse] WARN — OK:9 WARN:1 FAIL:0
[infra_pulse] WARN — OK:9 WARN:1 FAIL:0
[infra_pulse] WARN — OK:9 WARN:1 FAIL:0
[infra_pulse] WARN — OK:9 WARN:1 FAIL:0
[infra_pulse] WARN — OK:9 WARN:1 FAIL:0
[infra_pulse] WARN — OK:9 WARN:1 FAIL:0
[infra_pulse] WARN — OK:9 WARN:1 FAIL:0
[infra_pulse] WARN — OK:9 WARN:1 FAIL:0
[infra_pulse] WARN — OK:9 WARN:1 FAIL:0
[infra_pulse] WARN — OK:9 WARN:1 FAIL:0
[infra_pulse] WARN — OK:9 WARN:1 FAIL:0
[infra_pulse] WARN — OK:9 WARN:1 FAIL:0
[infra_pulse] WARN — OK:9 WARN:1 FAIL:0
[infra_pulse] WARN — OK:9 WARN:1 FAIL:0
[infra_pulse] WARN — OK:9 WARN:1 FAIL:0
[infra_pulse] WARN — OK:9 WARN:1 FAIL:0
[infra_pulse] WARN — OK:9 WARN:1 FAIL:0
[infra_pulse] WARN — OK:9 WARN:1 FAIL:0
[infra_pulse] WARN — OK:9 WARN:1 FAIL:0
[infra_pulse] WARN — OK:9 WARN:1 FAIL:0
[infra_pulse] WARN — OK:9 WARN:1 FAIL:0
[infra_pulse] WARN — OK:9 WARN:1 FAIL:0
[infra_pulse] WARN — OK:9 WARN:1 FAIL:0
[infra_pulse] WARN — OK:9 WARN:1 FAIL:0
[infra_pulse] WARN — OK:9 WARN:1 FAIL:0
[infra_pulse] WARN — OK:9 WARN:1 FAIL:0
[infra_pulse] WARN — OK:9 WARN:1 FAIL:0
[infra_pulse] WARN — OK:9 WARN:1 FAIL:0
[infra_pulse] WARN — OK:9 WARN:1 FAIL:0
[infra_pulse] WARN — OK:9 WARN:1 FAIL:0
[infra_pulse] WARN — OK:9 WARN:1 FAIL:0
[infra_pulse] WARN — OK:9 WARN:1 FAIL:0
[infra_pulse] WARN — OK:9 WARN:1 FAIL:0
[infra_pulse] WARN — OK:9 WARN:1 FAIL:0
[infra_pulse] WARN — OK:9 WARN:1 FAIL:0
[infra_pulse] WARN — OK:9 WARN:1 FAIL:0
[infra_pulse] WARN — OK:9 WARN:1 FAIL:0
[infra_pulse] WARN — OK:9 WARN:1 FAIL:0
[infra_pulse] WARN — OK:9 WARN:1 FAIL:0
[infra_pulse] WARN — OK:9 WARN:1 FAIL:0
[infra_pulse] WARN — OK:9 WARN:1 FAIL:0
[infra_pulse] WARN — OK:9 WARN:1 FAIL:0
[infra_pulse] WARN — OK:9 WARN:1 FAIL:0
[infra_pulse] WARN — OK:9 WARN:1 FAIL:0
[infra_pulse] WARN — OK:9 WARN:1 FAIL:0
[infra_pulse] WARN — OK:9 WARN:1 FAIL:0
[infra_pulse] WARN — OK:9 WARN:1 FAIL:0
[infra_pulse] WARN — OK:9 WARN:1 FAIL:0
[infra_pulse] WARN — OK:9 WARN:1 FAIL:0
[infra_pulse] WARN — OK:9 WARN:1 FAIL:0
[infra_pulse] WARN — OK:9 WARN:1 FAIL:0
[infra_pulse] WARN — OK:9 WARN:1 FAIL:0
[infra_pulse] WARN — OK:9 WARN:1 FAIL:0
[infra_pulse] WARN — OK:9 WARN:1 FAIL:0
[infra_pulse] WARN — OK:9 WARN:1 FAIL:0
[infra_pulse] WARN — OK:9 WARN:1 FAIL:0
[infra_pulse] WARN — OK:9 WARN:1 FAIL:0
[infra_pulse] WARN — OK:9 WARN:1 FAIL:0
[infra_pulse] WARN — OK:9 WARN:1 FAIL:0
[infra_pulse] WARN — OK:9 WARN:1 FAIL:0
[infra_pulse] WARN — OK:9 WARN:1 FAIL:0
[infra_pulse] WARN — OK:9 WARN:1 FAIL:0
[infra_pulse] WARN — OK:9 WARN:1 FAIL:0
[infra_pulse] WARN — OK:9 WARN:1 FAIL:0
[infra_pulse] WARN — OK:9 WARN:1 FAIL:0
[infra_pulse] WARN — OK:9 WARN:1 FAIL:0
[infra_pulse] WARN — OK:9 WARN:1 FAIL:0
[infra_pulse] WARN — OK:9 WARN:1 FAIL:0
[infra_pulse] WARN — OK:9 WARN:1 FAIL:0
[infra_pulse] WARN — OK:9 WARN:1 FAIL:0
[infra_pulse] WARN — OK:9 WARN:1 FAIL:0
[infra_pulse] WARN — OK:9 WARN:1 FAIL:0
[infra_pulse] WARN — OK:9 WARN:1 FAIL:0
[infra_pulse] WARN — OK:9 WARN:1 FAIL:0
[infra_pulse] WARN — OK:9 WARN:1 FAIL:0
[infra_pulse] WARN — OK:9 WARN:1 FAIL:0
[infra_pulse] WARN — OK:9 WARN:1 FAIL:0
[infra_pulse] WARN — OK:9 WARN:1 FAIL:0
[infra_pulse] WARN — OK:9 WARN:1 FAIL:0
[infra_pulse] WARN — OK:9 WARN:1 FAIL:0
[infra_pulse] WARN — OK:9 WARN:1 FAIL:0
[infra_pulse] WARN — OK:9 WARN:1 FAIL:0
[infra_pulse] WARN — OK:9 WARN:1 FAIL:0
[infra_pulse] WARN — OK:9 WARN:1 FAIL:0
[infra_pulse] WARN — OK:9 WARN:1 FAIL:0
[infra_pulse] WARN — OK:9 WARN:1 FAIL:0
[infra_pulse] WARN — OK:9 WARN:1 FAIL:0
[infra_pulse] WARN — OK:9 WARN:1 FAIL:0
[infra_pulse] WARN — OK:9 WARN:1 FAIL:0
[infra_pulse] WARN — OK:9 WARN:1 FAIL:0
[infra_pulse] WARN — OK:9 WARN:1 FAIL:0
[infra_pulse] WARN — OK:9 WARN:1 FAIL:0
[infra_pulse] WARN — OK:9 WARN:1 FAIL:0
[infra_pulse] WARN — OK:9 WARN:1 FAIL:0
[infra_pulse] WARN — OK:9 WARN:1 FAIL:0
[infra_pulse] WARN — OK:9 WARN:1 FAIL:0
[infra_pulse] WARN — OK:9 WARN:1 FAIL:0
[infra_pulse] WARN — OK:9 WARN:1 FAIL:0
[infra_pulse] WARN — OK:9 WARN:1 FAIL:0
[infra_pulse] WARN — OK:9 WARN:1 FAIL:0
[infra_pulse] WARN — OK:9 WARN:1 FAIL:0
[infra_pulse] WARN — OK:9 WARN:1 FAIL:0
[infra_pulse] WARN — OK:9 WARN:1 FAIL:0
[infra_pulse] WARN — OK:9 WARN:1 FAIL:0
[infra_pulse] WARN — OK:9 WARN:1 FAIL:0
