/Users/jacksonhemopo/Library/Python/3.9/lib/python/site-packages/urllib3/__init__.py:35: NotOpenSSLWarning: urllib3 v2 only supports OpenSSL 1.1.1+, currently the 'ssl' module is compiled with 'LibreSSL 2.8.3'. See: https://github.com/urllib3/urllib3/issues/3020
  warnings.warn(
  RSS error for https://feeds.reuters.com/reuters/japannews: HTTPSConnectionPool(host='feeds.reuters.com', port=443): Max retries exceeded with url: /reuters/japannews (Caused by NameResolutionError("HTTPSConnection(host='feeds.reuters.com', port=443): Failed to resolve 'feeds.reuters.com' ([Errno 8] nodename nor servname provided, or not known)"))
  RSS error for https://techcrunch.com/feed/: Couldn't find a tree builder with the features you requested: xml. Do you need to install a parser library?
  RSS error for https://www.theverge.com/rss/index.xml: Couldn't find a tree builder with the features you requested: xml. Do you need to install a parser library?
  RSS error for https://www.wired.com/feed/rss: Couldn't find a tree builder with the features you requested: xml. Do you need to install a parser library?
  RSS error for https://feeds.bloomberg.com/markets/news.rss: Couldn't find a tree builder with the features you requested: xml. Do you need to install a parser library?
  RSS error for https://www.ft.com/rss/home: Couldn't find a tree builder with the features you requested: xml. Do you need to install a parser library?
  RSS error for https://www.saastr.com/feed/: Couldn't find a tree builder with the features you requested: xml. Do you need to install a parser library?
=== Ito Intel Refresh ===
[intel_refresh] Starting at 2026-04-30 17:00 JST
  Fetching NHK News (Japan Business)...
  Fetching Reuters Japan (Japan Business)...
  Fetching TechCrunch (AI/Tech)...
  Fetching The Verge (AI/Tech)...
  Fetching Wired (AI/Tech)...
  Fetching Bloomberg (Finance)...
  Fetching Financial Times (Finance)...
  Fetching SaaSStr (SaaS)...
  Total news items collected: 0

⚠️ No news items collected — skipping dashboard update
/Users/jacksonhemopo/Library/Python/3.9/lib/python/site-packages/urllib3/__init__.py:35: NotOpenSSLWarning: urllib3 v2 only supports OpenSSL 1.1.1+, currently the 'ssl' module is compiled with 'LibreSSL 2.8.3'. See: https://github.com/urllib3/urllib3/issues/3020
  warnings.warn(
=== Ito Intel Refresh [2026-04-30 17:10 JST] ===
  Fetching TechCrunch...
    → 6 items
  Fetching SaaStr...
    → 6 items
  Fetching The Verge...
    → 6 items
  Fetching Reuters World...
    → 0 items
  Dashboard HTML updated
  ⚠️ Push failed: To github.com:kaji-hemopo/telemetry.git
 ! [rejected]        main -> main (fetch first)
error: failed to push some refs to 'github.com:kaji-hemopo/telemetry.git'
hint: Updates were rejected because th

✅ Done — 18 items across 6 categories
   AI: 12
   Tech: 2
   SaaS: 1
   Finance: 1
   World: 2
/Users/jacksonhemopo/Library/Python/3.9/lib/python/site-packages/urllib3/__init__.py:35: NotOpenSSLWarning: urllib3 v2 only supports OpenSSL 1.1.1+, currently the 'ssl' module is compiled with 'LibreSSL 2.8.3'. See: https://github.com/urllib3/urllib3/issues/3020
  warnings.warn(
=== Ito Intel Refresh [2026-04-30 17:20 JST] ===
  Fetching TechCrunch...
    → 6 items
  Fetching SaaStr...
    → 6 items
  Fetching The Verge...
    → 6 items
  Fetching Reuters World...
    → 0 items
  Dashboard HTML updated
  ⚠️ Push failed: To github.com:kaji-hemopo/telemetry.git
 ! [rejected]        main -> main (fetch first)
error: failed to push some refs to 'github.com:kaji-hemopo/telemetry.git'
hint: Updates were rejected because th

✅ Done — 18 items across 6 categories
   AI: 12
   Tech: 2
   SaaS: 1
   Finance: 1
   World: 2
/Users/jacksonhemopo/Library/Python/3.9/lib/python/site-packages/urllib3/__init__.py:35: NotOpenSSLWarning: urllib3 v2 only supports OpenSSL 1.1.1+, currently the 'ssl' module is compiled with 'LibreSSL 2.8.3'. See: https://github.com/urllib3/urllib3/issues/3020
  warnings.warn(
=== Ito Intel Refresh [2026-04-30 17:40 JST] ===
  Fetching TechCrunch...
    → 6 items
  Fetching SaaStr...
    → 6 items
  Fetching The Verge...
    → 6 items
  Fetching Reuters World...
    → 0 items
  Dashboard HTML updated
  ⚠️ Push failed: To github.com:kaji-hemopo/telemetry.git
 ! [rejected]        main -> main (fetch first)
error: failed to push some refs to 'github.com:kaji-hemopo/telemetry.git'
hint: Updates were rejected because th

✅ Done — 18 items across 6 categories
   AI: 12
   Tech: 2
   SaaS: 1
   Finance: 1
   World: 2
/Users/jacksonhemopo/Library/Python/3.9/lib/python/site-packages/urllib3/__init__.py:35: NotOpenSSLWarning: urllib3 v2 only supports OpenSSL 1.1.1+, currently the 'ssl' module is compiled with 'LibreSSL 2.8.3'. See: https://github.com/urllib3/urllib3/issues/3020
  warnings.warn(
=== Ito Intel Refresh [2026-04-30 18:00 JST] ===
  Fetching TechCrunch...
    → 6 items
  Fetching SaaStr...
    → 6 items
  Fetching The Verge...
    → 6 items
  Fetching Reuters World...
    → 0 items
  Dashboard HTML updated
  ⚠️ Push failed: To github.com:kaji-hemopo/telemetry.git
 ! [rejected]        main -> main (fetch first)
error: failed to push some refs to 'github.com:kaji-hemopo/telemetry.git'
hint: Updates were rejected because th

✅ Done — 18 items across 6 categories
   AI: 12
   Tech: 2
   SaaS: 1
   Finance: 1
   World: 2
/Users/jacksonhemopo/Library/Python/3.9/lib/python/site-packages/urllib3/__init__.py:35: NotOpenSSLWarning: urllib3 v2 only supports OpenSSL 1.1.1+, currently the 'ssl' module is compiled with 'LibreSSL 2.8.3'. See: https://github.com/urllib3/urllib3/issues/3020
  warnings.warn(
=== Ito Intel Refresh [2026-04-30 18:20 JST] ===
  Fetching TechCrunch...
    → 6 items
  Fetching SaaStr...
    → 6 items
  Fetching The Verge...
    → 6 items
  Fetching Reuters World...
    → 0 items
  Dashboard HTML updated
  ✅ Pushed to GitHub Pages

✅ Done — 18 items across 6 categories
   AI: 12
   Tech: 2
   SaaS: 1
   Finance: 1
   World: 2
/Users/jacksonhemopo/Library/Python/3.9/lib/python/site-packages/urllib3/__init__.py:35: NotOpenSSLWarning: urllib3 v2 only supports OpenSSL 1.1.1+, currently the 'ssl' module is compiled with 'LibreSSL 2.8.3'. See: https://github.com/urllib3/urllib3/issues/3020
  warnings.warn(
=== Ito Intel Refresh [2026-04-30 18:40 JST] ===
  Fetching TechCrunch...
    → 6 items
  Fetching SaaStr...
    → 6 items
  Fetching The Verge...
    → 6 items
  Fetching Reuters World...
    → 0 items
  Dashboard HTML updated
  ✅ Pushed to GitHub Pages

✅ Done — 18 items across 6 categories
   AI: 12
   Tech: 2
   SaaS: 1
   Finance: 1
   World: 2
/Users/jacksonhemopo/Library/Python/3.9/lib/python/site-packages/urllib3/__init__.py:35: NotOpenSSLWarning: urllib3 v2 only supports OpenSSL 1.1.1+, currently the 'ssl' module is compiled with 'LibreSSL 2.8.3'. See: https://github.com/urllib3/urllib3/issues/3020
  warnings.warn(
=== Ito Intel Refresh [2026-04-30 19:00 JST] ===
  Fetching TechCrunch...
    → 6 items
  Fetching SaaStr...
    → 6 items
  Fetching The Verge...
    → 6 items
  Fetching Reuters World...
    → 0 items
  Dashboard HTML updated
  ✅ Pushed to GitHub Pages

✅ Done — 18 items across 6 categories
   AI: 11
   Tech: 2
   SaaS: 1
   Finance: 1
   World: 3
/Users/jacksonhemopo/Library/Python/3.9/lib/python/site-packages/urllib3/__init__.py:35: NotOpenSSLWarning: urllib3 v2 only supports OpenSSL 1.1.1+, currently the 'ssl' module is compiled with 'LibreSSL 2.8.3'. See: https://github.com/urllib3/urllib3/issues/3020
  warnings.warn(
=== Ito Intel Refresh [2026-04-30 19:20 JST] ===
  Fetching TechCrunch...
    → 6 items
  Fetching SaaStr...
    → 6 items
  Fetching The Verge...
    → 6 items
  Fetching Reuters World...
    → 0 items
  Dashboard HTML updated
  ✅ Pushed to GitHub Pages

✅ Done — 18 items across 6 categories
   AI: 11
   Tech: 2
   SaaS: 1
   Finance: 1
   World: 3
/Users/jacksonhemopo/Library/Python/3.9/lib/python/site-packages/urllib3/__init__.py:35: NotOpenSSLWarning: urllib3 v2 only supports OpenSSL 1.1.1+, currently the 'ssl' module is compiled with 'LibreSSL 2.8.3'. See: https://github.com/urllib3/urllib3/issues/3020
  warnings.warn(
=== Ito Intel Refresh [2026-04-30 19:40 JST] ===
  Fetching TechCrunch...
    → 6 items
  Fetching SaaStr...
    → 6 items
  Fetching The Verge...
    → 6 items
  Fetching Reuters World...
    → 0 items
  Dashboard HTML updated
  ✅ Pushed to GitHub Pages

✅ Done — 18 items across 6 categories
   AI: 11
   Tech: 2
   SaaS: 1
   Finance: 1
   World: 3
/Users/jacksonhemopo/Library/Python/3.9/lib/python/site-packages/urllib3/__init__.py:35: NotOpenSSLWarning: urllib3 v2 only supports OpenSSL 1.1.1+, currently the 'ssl' module is compiled with 'LibreSSL 2.8.3'. See: https://github.com/urllib3/urllib3/issues/3020
  warnings.warn(
=== Ito Intel Refresh [2026-04-30 20:00 JST] ===
  Fetching TechCrunch...
    → 6 items
  Fetching SaaStr...
    → 6 items
  Fetching The Verge...
    → 6 items
  Fetching Reuters World...
    → 0 items
  Dashboard HTML updated
  ✅ Pushed to GitHub Pages

✅ Done — 18 items across 6 categories
   AI: 11
   Tech: 2
   SaaS: 1
   Finance: 1
   World: 3
/Users/jacksonhemopo/Library/Python/3.9/lib/python/site-packages/urllib3/__init__.py:35: NotOpenSSLWarning: urllib3 v2 only supports OpenSSL 1.1.1+, currently the 'ssl' module is compiled with 'LibreSSL 2.8.3'. See: https://github.com/urllib3/urllib3/issues/3020
  warnings.warn(
=== Ito Intel Refresh [2026-04-30 20:20 JST] ===
  Fetching TechCrunch...
    → 6 items
  Fetching SaaStr...
    → 6 items
  Fetching The Verge...
    → 6 items
  Fetching Reuters World...
    → 0 items
  Dashboard HTML updated
  ✅ Pushed to GitHub Pages

✅ Done — 18 items across 6 categories
   AI: 11
   Tech: 2
   Finance: 1
   World: 4
/Users/jacksonhemopo/Library/Python/3.9/lib/python/site-packages/urllib3/__init__.py:35: NotOpenSSLWarning: urllib3 v2 only supports OpenSSL 1.1.1+, currently the 'ssl' module is compiled with 'LibreSSL 2.8.3'. See: https://github.com/urllib3/urllib3/issues/3020
  warnings.warn(
=== Ito Intel Refresh [2026-04-30 20:40 JST] ===
  Fetching TechCrunch...
    → 6 items
  Fetching SaaStr...
    → 6 items
  Fetching The Verge...
    → 6 items
  Fetching Reuters World...
    → 0 items
  Dashboard HTML updated
  ✅ Pushed to GitHub Pages

✅ Done — 18 items across 6 categories
   AI: 11
   Tech: 2
   Finance: 1
   World: 4
/Users/jacksonhemopo/Library/Python/3.9/lib/python/site-packages/urllib3/__init__.py:35: NotOpenSSLWarning: urllib3 v2 only supports OpenSSL 1.1.1+, currently the 'ssl' module is compiled with 'LibreSSL 2.8.3'. See: https://github.com/urllib3/urllib3/issues/3020
  warnings.warn(
=== Ito Intel Refresh [2026-04-30 21:00 JST] ===
  Fetching TechCrunch...
    → 6 items
  Fetching SaaStr...
    → 6 items
  Fetching The Verge...
    → 6 items
  Fetching Reuters World...
    → 0 items
  Dashboard HTML updated
  ✅ Pushed to GitHub Pages

✅ Done — 18 items across 6 categories
   AI: 12
   Tech: 1
   Finance: 1
   World: 4
/Users/jacksonhemopo/Library/Python/3.9/lib/python/site-packages/urllib3/__init__.py:35: NotOpenSSLWarning: urllib3 v2 only supports OpenSSL 1.1.1+, currently the 'ssl' module is compiled with 'LibreSSL 2.8.3'. See: https://github.com/urllib3/urllib3/issues/3020
  warnings.warn(
=== Ito Intel Refresh [2026-04-30 21:20 JST] ===
  Fetching TechCrunch...
    → 6 items
  Fetching SaaStr...
    → 6 items
  Fetching The Verge...
    → 6 items
  Fetching Reuters World...
    → 0 items
  Dashboard HTML updated
  ✅ Pushed to GitHub Pages

✅ Done — 18 items across 6 categories
   AI: 13
   Tech: 1
   Finance: 1
   World: 3
/Users/jacksonhemopo/Library/Python/3.9/lib/python/site-packages/urllib3/__init__.py:35: NotOpenSSLWarning: urllib3 v2 only supports OpenSSL 1.1.1+, currently the 'ssl' module is compiled with 'LibreSSL 2.8.3'. See: https://github.com/urllib3/urllib3/issues/3020
  warnings.warn(
=== Ito Intel Refresh [2026-04-30 21:40 JST] ===
  Fetching TechCrunch...
    → 6 items
  Fetching SaaStr...
    → 6 items
  Fetching The Verge...
    → 6 items
  Fetching Reuters World...
    → 0 items
  Dashboard HTML updated
  ✅ Pushed to GitHub Pages

✅ Done — 18 items across 6 categories
   AI: 13
   Tech: 1
   Finance: 1
   World: 3
/Users/jacksonhemopo/Library/Python/3.9/lib/python/site-packages/urllib3/__init__.py:35: NotOpenSSLWarning: urllib3 v2 only supports OpenSSL 1.1.1+, currently the 'ssl' module is compiled with 'LibreSSL 2.8.3'. See: https://github.com/urllib3/urllib3/issues/3020
  warnings.warn(
=== Ito Intel Refresh [2026-04-30 22:00 JST] ===
  Fetching TechCrunch...
    → 6 items
  Fetching SaaStr...
    → 6 items
  Fetching The Verge...
    → 6 items
  Fetching Reuters World...
    → 0 items
  Dashboard HTML updated
  ⚠️ Push failed: To github.com:kaji-hemopo/telemetry.git
 ! [rejected]        main -> main (fetch first)
error: failed to push some refs to 'github.com:kaji-hemopo/telemetry.git'
hint: Updates were rejected because th

✅ Done — 18 items across 6 categories
   AI: 14
   Tech: 1
   Finance: 1
   World: 2
/Users/jacksonhemopo/Library/Python/3.9/lib/python/site-packages/urllib3/__init__.py:35: NotOpenSSLWarning: urllib3 v2 only supports OpenSSL 1.1.1+, currently the 'ssl' module is compiled with 'LibreSSL 2.8.3'. See: https://github.com/urllib3/urllib3/issues/3020
  warnings.warn(
=== Ito Intel Refresh [2026-04-30 22:20 JST] ===
  Fetching TechCrunch...
    → 6 items
  Fetching SaaStr...
    → 6 items
  Fetching The Verge...
    → 6 items
  Fetching Reuters World...
    → 0 items
  Dashboard HTML updated
  ✅ Pushed to GitHub Pages

✅ Done — 18 items across 6 categories
   AI: 13
   Tech: 1
   Finance: 1
   World: 3
/Users/jacksonhemopo/Library/Python/3.9/lib/python/site-packages/urllib3/__init__.py:35: NotOpenSSLWarning: urllib3 v2 only supports OpenSSL 1.1.1+, currently the 'ssl' module is compiled with 'LibreSSL 2.8.3'. See: https://github.com/urllib3/urllib3/issues/3020
  warnings.warn(
=== Ito Intel Refresh [2026-04-30 22:40 JST] ===
  Fetching TechCrunch...
    → 6 items
  Fetching SaaStr...
    → 6 items
  Fetching The Verge...
    → 6 items
  Fetching Reuters World...
    → 0 items
  Dashboard HTML updated
  ✅ Pushed to GitHub Pages

✅ Done — 18 items across 6 categories
   AI: 13
   Tech: 1
   Finance: 1
   World: 3
/Users/jacksonhemopo/Library/Python/3.9/lib/python/site-packages/urllib3/__init__.py:35: NotOpenSSLWarning: urllib3 v2 only supports OpenSSL 1.1.1+, currently the 'ssl' module is compiled with 'LibreSSL 2.8.3'. See: https://github.com/urllib3/urllib3/issues/3020
  warnings.warn(
=== Ito Intel Refresh [2026-04-30 23:00 JST] ===
  Fetching TechCrunch...
    → 6 items
  Fetching SaaStr...
    → 6 items
  Fetching The Verge...
    → 6 items
  Fetching Reuters World...
    → 0 items
  Dashboard HTML updated
  ✅ Pushed to GitHub Pages

✅ Done — 18 items across 6 categories
   AI: 13
   Tech: 1
   Finance: 1
   World: 3
/Users/jacksonhemopo/Library/Python/3.9/lib/python/site-packages/urllib3/__init__.py:35: NotOpenSSLWarning: urllib3 v2 only supports OpenSSL 1.1.1+, currently the 'ssl' module is compiled with 'LibreSSL 2.8.3'. See: https://github.com/urllib3/urllib3/issues/3020
  warnings.warn(
=== Ito Intel Refresh [2026-04-30 23:20 JST] ===
  Fetching TechCrunch...
    → 6 items
  Fetching SaaStr...
    → 6 items
  Fetching The Verge...
    → 6 items
  Fetching Reuters World...
    → 0 items
  Dashboard HTML updated
  ✅ Pushed to GitHub Pages

✅ Done — 18 items across 6 categories
   AI: 13
   Tech: 1
   World: 4
