/Users/jacksonhemopo/Library/Python/3.9/lib/python/site-packages/urllib3/__init__.py:35: NotOpenSSLWarning: urllib3 v2 only supports OpenSSL 1.1.1+, currently the 'ssl' module is compiled with 'LibreSSL 2.8.3'. See: https://github.com/urllib3/urllib3/issues/3020
  warnings.warn(
Fetching live oracle data...
  BTC... $75863.59
  ETH... $2256.43
  XRP... $1.3689
  USD/JPY... 160.214

Written to /Users/jacksonhemopo/.openclaw/workspace_ito/live_oracle.json
Done. BTC=$75863.59, ETH=$2256.43, XRP=$1.3689, USD/JPY=160.214
/Users/jacksonhemopo/Library/Python/3.9/lib/python/site-packages/urllib3/__init__.py:35: NotOpenSSLWarning: urllib3 v2 only supports OpenSSL 1.1.1+, currently the 'ssl' module is compiled with 'LibreSSL 2.8.3'. See: https://github.com/urllib3/urllib3/issues/3020
  warnings.warn(
Fetching live oracle data...
  BTC... $75814.27
  ETH... $2253.62
  XRP... $1.3697
  USD/JPY... 160.183

Written to /Users/jacksonhemopo/.openclaw/workspace_ito/live_oracle.json
Done. BTC=$75814.27, ETH=$2253.62, XRP=$1.3697, USD/JPY=160.183
/Users/jacksonhemopo/Library/Python/3.9/lib/python/site-packages/urllib3/__init__.py:35: NotOpenSSLWarning: urllib3 v2 only supports OpenSSL 1.1.1+, currently the 'ssl' module is compiled with 'LibreSSL 2.8.3'. See: https://github.com/urllib3/urllib3/issues/3020
  warnings.warn(
Fetching live oracle data...
  BTC... $75731.35
  ETH... $2253.71
  XRP... $1.3714
  USD/JPY... 160.104

Written to /Users/jacksonhemopo/.openclaw/workspace_ito/live_oracle.json
Done. BTC=$75731.35, ETH=$2253.71, XRP=$1.3714, USD/JPY=160.104
/Users/jacksonhemopo/Library/Python/3.9/lib/python/site-packages/urllib3/__init__.py:35: NotOpenSSLWarning: urllib3 v2 only supports OpenSSL 1.1.1+, currently the 'ssl' module is compiled with 'LibreSSL 2.8.3'. See: https://github.com/urllib3/urllib3/issues/3020
  warnings.warn(
Fetching live oracle data...
  BTC... $76170.14
  ETH... $2268.34
  XRP... $1.3799
  USD/JPY... 160.156

Written to /Users/jacksonhemopo/.openclaw/workspace_ito/live_oracle.json
Done. BTC=$76170.14, ETH=$2268.34, XRP=$1.3799, USD/JPY=160.156
/Users/jacksonhemopo/Library/Python/3.9/lib/python/site-packages/urllib3/__init__.py:35: NotOpenSSLWarning: urllib3 v2 only supports OpenSSL 1.1.1+, currently the 'ssl' module is compiled with 'LibreSSL 2.8.3'. See: https://github.com/urllib3/urllib3/issues/3020
  warnings.warn(
Fetching live oracle data...
  BTC... $76235.82
  ETH... $2271.89
  XRP... $1.3828
  USD/JPY... 160.301

Written to /Users/jacksonhemopo/.openclaw/workspace_ito/live_oracle.json
Done. BTC=$76235.82, ETH=$2271.89, XRP=$1.3828, USD/JPY=160.301
/Users/jacksonhemopo/Library/Python/3.9/lib/python/site-packages/urllib3/__init__.py:35: NotOpenSSLWarning: urllib3 v2 only supports OpenSSL 1.1.1+, currently the 'ssl' module is compiled with 'LibreSSL 2.8.3'. See: https://github.com/urllib3/urllib3/issues/3020
  warnings.warn(
Fetching live oracle data...
  BTC... $76254.19
  ETH... $2270.9
  XRP... $1.3789
  USD/JPY... 160.242

Written to /Users/jacksonhemopo/.openclaw/workspace_ito/live_oracle.json
Done. BTC=$76254.19, ETH=$2270.9, XRP=$1.3789, USD/JPY=160.242
/Users/jacksonhemopo/Library/Python/3.9/lib/python/site-packages/urllib3/__init__.py:35: NotOpenSSLWarning: urllib3 v2 only supports OpenSSL 1.1.1+, currently the 'ssl' module is compiled with 'LibreSSL 2.8.3'. See: https://github.com/urllib3/urllib3/issues/3020
  warnings.warn(
Fetching live oracle data...
  BTC... $76286.8
  ETH... $2272.71
  XRP... $1.3791
  USD/JPY... 160.264

Written to /Users/jacksonhemopo/.openclaw/workspace_ito/live_oracle.json
Done. BTC=$76286.8, ETH=$2272.71, XRP=$1.3791, USD/JPY=160.264
/Users/jacksonhemopo/Library/Python/3.9/lib/python/site-packages/urllib3/__init__.py:35: NotOpenSSLWarning: urllib3 v2 only supports OpenSSL 1.1.1+, currently the 'ssl' module is compiled with 'LibreSSL 2.8.3'. See: https://github.com/urllib3/urllib3/issues/3020
  warnings.warn(
Fetching live oracle data...
  BTC... $76232.81
  ETH... $2269.36
  XRP... $1.3796
  USD/JPY... 160.234

Written to /Users/jacksonhemopo/.openclaw/workspace_ito/live_oracle.json
Done. BTC=$76232.81, ETH=$2269.36, XRP=$1.3796, USD/JPY=160.234
/Users/jacksonhemopo/Library/Python/3.9/lib/python/site-packages/urllib3/__init__.py:35: NotOpenSSLWarning: urllib3 v2 only supports OpenSSL 1.1.1+, currently the 'ssl' module is compiled with 'LibreSSL 2.8.3'. See: https://github.com/urllib3/urllib3/issues/3020
  warnings.warn(
Fetching live oracle data...
  BTC... $76253.18
  ETH... $2269.71
  XRP... $1.3792
  USD/JPY... 160.279

Written to /Users/jacksonhemopo/.openclaw/workspace_ito/live_oracle.json
Done. BTC=$76253.18, ETH=$2269.71, XRP=$1.3792, USD/JPY=160.279
/Users/jacksonhemopo/Library/Python/3.9/lib/python/site-packages/urllib3/__init__.py:35: NotOpenSSLWarning: urllib3 v2 only supports OpenSSL 1.1.1+, currently the 'ssl' module is compiled with 'LibreSSL 2.8.3'. See: https://github.com/urllib3/urllib3/issues/3020
  warnings.warn(
Fetching live oracle data...
  BTC... $75562.46
  ETH... $2240.47
  XRP... $1.3691
  USD/JPY... 160.351

Written to /Users/jacksonhemopo/.openclaw/workspace_ito/live_oracle.json
Done. BTC=$75562.46, ETH=$2240.47, XRP=$1.3691, USD/JPY=160.351
/Users/jacksonhemopo/Library/Python/3.9/lib/python/site-packages/urllib3/__init__.py:35: NotOpenSSLWarning: urllib3 v2 only supports OpenSSL 1.1.1+, currently the 'ssl' module is compiled with 'LibreSSL 2.8.3'. See: https://github.com/urllib3/urllib3/issues/3020
  warnings.warn(
Fetching live oracle data...
  BTC... $75704.75
  ETH... $2245.23
  XRP... $1.3729
  USD/JPY... 160.341

Written to /Users/jacksonhemopo/.openclaw/workspace_ito/live_oracle.json
Done. BTC=$75704.75, ETH=$2245.23, XRP=$1.3729, USD/JPY=160.341
/Users/jacksonhemopo/Library/Python/3.9/lib/python/site-packages/urllib3/__init__.py:35: NotOpenSSLWarning: urllib3 v2 only supports OpenSSL 1.1.1+, currently the 'ssl' module is compiled with 'LibreSSL 2.8.3'. See: https://github.com/urllib3/urllib3/issues/3020
  warnings.warn(
Fetching live oracle data...
  BTC... $75788.11
  ETH... $2245.95
  XRP... $1.3717
  USD/JPY... 160.386

Written to /Users/jacksonhemopo/.openclaw/workspace_ito/live_oracle.json
Done. BTC=$75788.11, ETH=$2245.95, XRP=$1.3717, USD/JPY=160.386
/Users/jacksonhemopo/Library/Python/3.9/lib/python/site-packages/urllib3/__init__.py:35: NotOpenSSLWarning: urllib3 v2 only supports OpenSSL 1.1.1+, currently the 'ssl' module is compiled with 'LibreSSL 2.8.3'. See: https://github.com/urllib3/urllib3/issues/3020
  warnings.warn(
Fetching live oracle data...
  BTC... $75946.95
  ETH... $2254.05
  XRP... $1.3744
  USD/JPY... 160.381

Written to /Users/jacksonhemopo/.openclaw/workspace_ito/live_oracle.json
Done. BTC=$75946.95, ETH=$2254.05, XRP=$1.3744, USD/JPY=160.381
/Users/jacksonhemopo/Library/Python/3.9/lib/python/site-packages/urllib3/__init__.py:35: NotOpenSSLWarning: urllib3 v2 only supports OpenSSL 1.1.1+, currently the 'ssl' module is compiled with 'LibreSSL 2.8.3'. See: https://github.com/urllib3/urllib3/issues/3020
  warnings.warn(
Fetching live oracle data...
  BTC... $75933.28
  ETH... $2253.21
  XRP... $1.3733
  USD/JPY... 160.416

Written to /Users/jacksonhemopo/.openclaw/workspace_ito/live_oracle.json
Done. BTC=$75933.28, ETH=$2253.21, XRP=$1.3733, USD/JPY=160.416
/Users/jacksonhemopo/Library/Python/3.9/lib/python/site-packages/urllib3/__init__.py:35: NotOpenSSLWarning: urllib3 v2 only supports OpenSSL 1.1.1+, currently the 'ssl' module is compiled with 'LibreSSL 2.8.3'. See: https://github.com/urllib3/urllib3/issues/3020
  warnings.warn(
Fetching live oracle data...
  BTC... $75721.6
  ETH... $2246.11
  XRP... $1.3665
  USD/JPY... 160.425

Written to /Users/jacksonhemopo/.openclaw/workspace_ito/live_oracle.json
Done. BTC=$75721.6, ETH=$2246.11, XRP=$1.3665, USD/JPY=160.425
/Users/jacksonhemopo/Library/Python/3.9/lib/python/site-packages/urllib3/__init__.py:35: NotOpenSSLWarning: urllib3 v2 only supports OpenSSL 1.1.1+, currently the 'ssl' module is compiled with 'LibreSSL 2.8.3'. See: https://github.com/urllib3/urllib3/issues/3020
  warnings.warn(
Fetching live oracle data...
  BTC... $75438.73
  ETH... $2238.22
  XRP... $1.3612
  USD/JPY... 160.563

Written to /Users/jacksonhemopo/.openclaw/workspace_ito/live_oracle.json
Done. BTC=$75438.73, ETH=$2238.22, XRP=$1.3612, USD/JPY=160.563
/Users/jacksonhemopo/Library/Python/3.9/lib/python/site-packages/urllib3/__init__.py:35: NotOpenSSLWarning: urllib3 v2 only supports OpenSSL 1.1.1+, currently the 'ssl' module is compiled with 'LibreSSL 2.8.3'. See: https://github.com/urllib3/urllib3/issues/3020
  warnings.warn(
Fetching live oracle data...
  BTC... $75497.0
  ETH... $2239.22
  XRP... $1.3629
  USD/JPY... 160.525

Written to /Users/jacksonhemopo/.openclaw/workspace_ito/live_oracle.json
Done. BTC=$75497.0, ETH=$2239.22, XRP=$1.3629, USD/JPY=160.525
/Users/jacksonhemopo/Library/Python/3.9/lib/python/site-packages/urllib3/__init__.py:35: NotOpenSSLWarning: urllib3 v2 only supports OpenSSL 1.1.1+, currently the 'ssl' module is compiled with 'LibreSSL 2.8.3'. See: https://github.com/urllib3/urllib3/issues/3020
  warnings.warn(
Fetching live oracle data...
  BTC... $75548.03
  ETH... $2242.74
  XRP... $1.3635
  USD/JPY... 160.509

Written to /Users/jacksonhemopo/.openclaw/workspace_ito/live_oracle.json
Done. BTC=$75548.03, ETH=$2242.74, XRP=$1.3635, USD/JPY=160.509
/Users/jacksonhemopo/Library/Python/3.9/lib/python/site-packages/urllib3/__init__.py:35: NotOpenSSLWarning: urllib3 v2 only supports OpenSSL 1.1.1+, currently the 'ssl' module is compiled with 'LibreSSL 2.8.3'. See: https://github.com/urllib3/urllib3/issues/3020
  warnings.warn(
Fetching live oracle data...
  BTC... $75696.13
  ETH... $2245.95
  XRP... $1.3666
  USD/JPY... 160.551

Written to /Users/jacksonhemopo/.openclaw/workspace_ito/live_oracle.json
Done. BTC=$75696.13, ETH=$2245.95, XRP=$1.3666, USD/JPY=160.551
/Users/jacksonhemopo/Library/Python/3.9/lib/python/site-packages/urllib3/__init__.py:35: NotOpenSSLWarning: urllib3 v2 only supports OpenSSL 1.1.1+, currently the 'ssl' module is compiled with 'LibreSSL 2.8.3'. See: https://github.com/urllib3/urllib3/issues/3020
  warnings.warn(
Fetching live oracle data...
  BTC... $75600.1
  ETH... $2242.69
  XRP... $1.3647
  USD/JPY... 160.656

Written to /Users/jacksonhemopo/.openclaw/workspace_ito/live_oracle.json
Done. BTC=$75600.1, ETH=$2242.69, XRP=$1.3647, USD/JPY=160.656
/Users/jacksonhemopo/Library/Python/3.9/lib/python/site-packages/urllib3/__init__.py:35: NotOpenSSLWarning: urllib3 v2 only supports OpenSSL 1.1.1+, currently the 'ssl' module is compiled with 'LibreSSL 2.8.3'. See: https://github.com/urllib3/urllib3/issues/3020
  warnings.warn(
Fetching live oracle data...
  BTC... $75661.36
  ETH... $2246.2
  XRP... $1.3637
  USD/JPY... 160.674

Written to /Users/jacksonhemopo/.openclaw/workspace_ito/live_oracle.json
Done. BTC=$75661.36, ETH=$2246.2, XRP=$1.3637, USD/JPY=160.674
/Users/jacksonhemopo/Library/Python/3.9/lib/python/site-packages/urllib3/__init__.py:35: NotOpenSSLWarning: urllib3 v2 only supports OpenSSL 1.1.1+, currently the 'ssl' module is compiled with 'LibreSSL 2.8.3'. See: https://github.com/urllib3/urllib3/issues/3020
  warnings.warn(
Fetching live oracle data...
  BTC... $75815.9
  ETH... $2249.68
  XRP... $1.3693
  USD/JPY... 160.597

Written to /Users/jacksonhemopo/.openclaw/workspace_ito/live_oracle.json
Done. BTC=$75815.9, ETH=$2249.68, XRP=$1.3693, USD/JPY=160.597
/Users/jacksonhemopo/Library/Python/3.9/lib/python/site-packages/urllib3/__init__.py:35: NotOpenSSLWarning: urllib3 v2 only supports OpenSSL 1.1.1+, currently the 'ssl' module is compiled with 'LibreSSL 2.8.3'. See: https://github.com/urllib3/urllib3/issues/3020
  warnings.warn(
Fetching live oracle data...
  BTC... $75753.54
  ETH... $2248.03
  XRP... $1.3689
  USD/JPY... 160.611
  Brent... $113.12
  Gold... $4590.1

Written to /Users/jacksonhemopo/.openclaw/workspace_ito/live_oracle.json
Done. BTC=$75753.54, ETH=$2248.03, XRP=$1.3689, USD/JPY=160.611, Brent=$113.12, Gold=$4590.1
/Users/jacksonhemopo/Library/Python/3.9/lib/python/site-packages/urllib3/__init__.py:35: NotOpenSSLWarning: urllib3 v2 only supports OpenSSL 1.1.1+, currently the 'ssl' module is compiled with 'LibreSSL 2.8.3'. See: https://github.com/urllib3/urllib3/issues/3020
  warnings.warn(
Fetching live oracle data...
  BTC... $75796.0
  ETH... $2249.82
  XRP... $1.3692
  USD/JPY... 160.461
  Brent... $111.87
  Gold... $4605.6

Written to /Users/jacksonhemopo/.openclaw/workspace_ito/live_oracle.json
Done. BTC=$75796.0, ETH=$2249.82, XRP=$1.3692, USD/JPY=160.461, Brent=$111.87, Gold=$4605.6
/Users/jacksonhemopo/Library/Python/3.9/lib/python/site-packages/urllib3/__init__.py:35: NotOpenSSLWarning: urllib3 v2 only supports OpenSSL 1.1.1+, currently the 'ssl' module is compiled with 'LibreSSL 2.8.3'. See: https://github.com/urllib3/urllib3/issues/3020
  warnings.warn(
Fetching live oracle data...
  BTC... $76064.73
  ETH... $2259.39
  XRP... $1.3726
  USD/JPY... 160.57
  Brent... $112.26
  Gold... $4603.6

Written to /Users/jacksonhemopo/.openclaw/workspace_ito/live_oracle.json
Done. BTC=$76064.73, ETH=$2259.39, XRP=$1.3726, USD/JPY=160.57, Brent=$112.26, Gold=$4603.6
/Users/jacksonhemopo/Library/Python/3.9/lib/python/site-packages/urllib3/__init__.py:35: NotOpenSSLWarning: urllib3 v2 only supports OpenSSL 1.1.1+, currently the 'ssl' module is compiled with 'LibreSSL 2.8.3'. See: https://github.com/urllib3/urllib3/issues/3020
  warnings.warn(
Fetching live oracle data...
  BTC... $76174.99
  ETH... $2260.68
  XRP... $1.375
  USD/JPY... 160.14
  Brent... $104.58
  Gold... $4612.1

Written to /Users/jacksonhemopo/.openclaw/workspace_ito/live_oracle.json
Done. BTC=$76174.99, ETH=$2260.68, XRP=$1.375, USD/JPY=160.14, Brent=$104.58, Gold=$4612.1
/Users/jacksonhemopo/Library/Python/3.9/lib/python/site-packages/urllib3/__init__.py:35: NotOpenSSLWarning: urllib3 v2 only supports OpenSSL 1.1.1+, currently the 'ssl' module is compiled with 'LibreSSL 2.8.3'. See: https://github.com/urllib3/urllib3/issues/3020
  warnings.warn(
Fetching live oracle data...
  BTC... $76079.06
  ETH... $2258.07
  XRP... $1.374
  USD/JPY... 159.998
  Brent... $104.57
  Gold... $4631.8

Written to /Users/jacksonhemopo/.openclaw/workspace_ito/live_oracle.json
Done. BTC=$76079.06, ETH=$2258.07, XRP=$1.374, USD/JPY=159.998, Brent=$104.57, Gold=$4631.8
/Users/jacksonhemopo/Library/Python/3.9/lib/python/site-packages/urllib3/__init__.py:35: NotOpenSSLWarning: urllib3 v2 only supports OpenSSL 1.1.1+, currently the 'ssl' module is compiled with 'LibreSSL 2.8.3'. See: https://github.com/urllib3/urllib3/issues/3020
  warnings.warn(
Fetching live oracle data...
  BTC... $76122.43
  ETH... $2259.85
  XRP... $1.3735
  USD/JPY... 159.739
  Brent... $104.37
  Gold... $4629.0

Written to /Users/jacksonhemopo/.openclaw/workspace_ito/live_oracle.json
Done. BTC=$76122.43, ETH=$2259.85, XRP=$1.3735, USD/JPY=159.739, Brent=$104.37, Gold=$4629.0
/Users/jacksonhemopo/Library/Python/3.9/lib/python/site-packages/urllib3/__init__.py:35: NotOpenSSLWarning: urllib3 v2 only supports OpenSSL 1.1.1+, currently the 'ssl' module is compiled with 'LibreSSL 2.8.3'. See: https://github.com/urllib3/urllib3/issues/3020
  warnings.warn(
Fetching live oracle data...
  BTC... $76056.98
  ETH... $2256.52
  XRP... $1.3726
  USD/JPY... 159.571
  Brent... $104.33
  Gold... $4629.6

Written to /Users/jacksonhemopo/.openclaw/workspace_ito/live_oracle.json
Done. BTC=$76056.98, ETH=$2256.52, XRP=$1.3726, USD/JPY=159.571, Brent=$104.33, Gold=$4629.6
/Users/jacksonhemopo/Library/Python/3.9/lib/python/site-packages/urllib3/__init__.py:35: NotOpenSSLWarning: urllib3 v2 only supports OpenSSL 1.1.1+, currently the 'ssl' module is compiled with 'LibreSSL 2.8.3'. See: https://github.com/urllib3/urllib3/issues/3020
  warnings.warn(
Fetching live oracle data...
  BTC... $76047.35
  ETH... $2257.41
  XRP... $1.3731
  USD/JPY... 159.376
  Brent... $104.53
  Gold... $4631.8

Written to /Users/jacksonhemopo/.openclaw/workspace_ito/live_oracle.json
Done. BTC=$76047.35, ETH=$2257.41, XRP=$1.3731, USD/JPY=159.376, Brent=$104.53, Gold=$4631.8
/Users/jacksonhemopo/Library/Python/3.9/lib/python/site-packages/urllib3/__init__.py:35: NotOpenSSLWarning: urllib3 v2 only supports OpenSSL 1.1.1+, currently the 'ssl' module is compiled with 'LibreSSL 2.8.3'. See: https://github.com/urllib3/urllib3/issues/3020
  warnings.warn(
Fetching live oracle data...
  BTC... $76230.65
  ETH... $2267.44
  XRP... $1.3763
  USD/JPY... 159.354
  Brent... $103.36
  Gold... $4639.3

Written to /Users/jacksonhemopo/.openclaw/workspace_ito/live_oracle.json
Done. BTC=$76230.65, ETH=$2267.44, XRP=$1.3763, USD/JPY=159.354, Brent=$103.36, Gold=$4639.3
/Users/jacksonhemopo/Library/Python/3.9/lib/python/site-packages/urllib3/__init__.py:35: NotOpenSSLWarning: urllib3 v2 only supports OpenSSL 1.1.1+, currently the 'ssl' module is compiled with 'LibreSSL 2.8.3'. See: https://github.com/urllib3/urllib3/issues/3020
  warnings.warn(
Fetching live oracle data...
  BTC... $76097.19
  ETH... $2261.86
  XRP... $1.3735
  USD/JPY... 159.336
  Brent... $103.65
  Gold... $4635.5

Written to /Users/jacksonhemopo/.openclaw/workspace_ito/live_oracle.json
Done. BTC=$76097.19, ETH=$2261.86, XRP=$1.3735, USD/JPY=159.336, Brent=$103.65, Gold=$4635.5
/Users/jacksonhemopo/Library/Python/3.9/lib/python/site-packages/urllib3/__init__.py:35: NotOpenSSLWarning: urllib3 v2 only supports OpenSSL 1.1.1+, currently the 'ssl' module is compiled with 'LibreSSL 2.8.3'. See: https://github.com/urllib3/urllib3/issues/3020
  warnings.warn(
Fetching live oracle data...
  BTC... $76012.61
  ETH... $2259.15
  XRP... $1.3718
  USD/JPY... 159.206
  Brent... $103.0
  Gold... $4637.9

Written to /Users/jacksonhemopo/.openclaw/workspace_ito/live_oracle.json
Done. BTC=$76012.61, ETH=$2259.15, XRP=$1.3718, USD/JPY=159.206, Brent=$103.0, Gold=$4637.9
/Users/jacksonhemopo/Library/Python/3.9/lib/python/site-packages/urllib3/__init__.py:35: NotOpenSSLWarning: urllib3 v2 only supports OpenSSL 1.1.1+, currently the 'ssl' module is compiled with 'LibreSSL 2.8.3'. See: https://github.com/urllib3/urllib3/issues/3020
  warnings.warn(
Fetching live oracle data...
  BTC... $76071.0
  ETH... $2262.0
  XRP... $1.3713
  USD/JPY... 157.983
  Brent... $103.27
  Gold... $4656.9

Written to /Users/jacksonhemopo/.openclaw/workspace_ito/live_oracle.json
Done. BTC=$76071.0, ETH=$2262.0, XRP=$1.3713, USD/JPY=157.983, Brent=$103.27, Gold=$4656.9
/Users/jacksonhemopo/Library/Python/3.9/lib/python/site-packages/urllib3/__init__.py:35: NotOpenSSLWarning: urllib3 v2 only supports OpenSSL 1.1.1+, currently the 'ssl' module is compiled with 'LibreSSL 2.8.3'. See: https://github.com/urllib3/urllib3/issues/3020
  warnings.warn(
Fetching live oracle data...
  BTC... $76036.28
  ETH... $2263.1
  XRP... $1.3704
  USD/JPY... 157.122
  Brent... $103.42
  Gold... $4648.0

Written to /Users/jacksonhemopo/.openclaw/workspace_ito/live_oracle.json
Done. BTC=$76036.28, ETH=$2263.1, XRP=$1.3704, USD/JPY=157.122, Brent=$103.42, Gold=$4648.0
/Users/jacksonhemopo/Library/Python/3.9/lib/python/site-packages/urllib3/__init__.py:35: NotOpenSSLWarning: urllib3 v2 only supports OpenSSL 1.1.1+, currently the 'ssl' module is compiled with 'LibreSSL 2.8.3'. See: https://github.com/urllib3/urllib3/issues/3020
  warnings.warn(
Fetching live oracle data...
  BTC... $76140.48
  ETH... $2267.73
  XRP... $1.3733
  USD/JPY... 156.975
  Brent... $102.14
  Gold... $4657.3

Written to /Users/jacksonhemopo/.openclaw/workspace_ito/live_oracle.json
Done. BTC=$76140.48, ETH=$2267.73, XRP=$1.3733, USD/JPY=156.975, Brent=$102.14, Gold=$4657.3
/Users/jacksonhemopo/Library/Python/3.9/lib/python/site-packages/urllib3/__init__.py:35: NotOpenSSLWarning: urllib3 v2 only supports OpenSSL 1.1.1+, currently the 'ssl' module is compiled with 'LibreSSL 2.8.3'. See: https://github.com/urllib3/urllib3/issues/3020
  warnings.warn(
Fetching live oracle data...
  BTC... $76060.57
  ETH... $2264.06
  XRP... $1.3706
  USD/JPY... 156.245
  Brent... $100.82
  Gold... $4650.2

Written to /Users/jacksonhemopo/.openclaw/workspace_ito/live_oracle.json
Done. BTC=$76060.57, ETH=$2264.06, XRP=$1.3706, USD/JPY=156.245, Brent=$100.82, Gold=$4650.2
/Users/jacksonhemopo/Library/Python/3.9/lib/python/site-packages/urllib3/__init__.py:35: NotOpenSSLWarning: urllib3 v2 only supports OpenSSL 1.1.1+, currently the 'ssl' module is compiled with 'LibreSSL 2.8.3'. See: https://github.com/urllib3/urllib3/issues/3020
  warnings.warn(
Fetching live oracle data...
  BTC... $76059.42
  ETH... $2258.18
  XRP... $1.3697
  USD/JPY... 156.358
  Brent... $101.8
  Gold... $4647.6

Written to /Users/jacksonhemopo/.openclaw/workspace_ito/live_oracle.json
Done. BTC=$76059.42, ETH=$2258.18, XRP=$1.3697, USD/JPY=156.358, Brent=$101.8, Gold=$4647.6
/Users/jacksonhemopo/Library/Python/3.9/lib/python/site-packages/urllib3/__init__.py:35: NotOpenSSLWarning: urllib3 v2 only supports OpenSSL 1.1.1+, currently the 'ssl' module is compiled with 'LibreSSL 2.8.3'. See: https://github.com/urllib3/urllib3/issues/3020
  warnings.warn(
Fetching live oracle data...
  BTC... $76233.3
  ETH... $2263.63
  XRP... $1.3743
  USD/JPY... 156.567
  Brent... $102.0
  Gold... $4643.9

Written to /Users/jacksonhemopo/.openclaw/workspace_ito/live_oracle.json
Done. BTC=$76233.3, ETH=$2263.63, XRP=$1.3743, USD/JPY=156.567, Brent=$102.0, Gold=$4643.9
/Users/jacksonhemopo/Library/Python/3.9/lib/python/site-packages/urllib3/__init__.py:35: NotOpenSSLWarning: urllib3 v2 only supports OpenSSL 1.1.1+, currently the 'ssl' module is compiled with 'LibreSSL 2.8.3'. See: https://github.com/urllib3/urllib3/issues/3020
  warnings.warn(
Fetching live oracle data...
  BTC... $76343.23
  ETH... $2266.68
  XRP... $1.3728
  USD/JPY... 156.825
  Brent... $102.29
  Gold... $4640.4

Written to /Users/jacksonhemopo/.openclaw/workspace_ito/live_oracle.json
Done. BTC=$76343.23, ETH=$2266.68, XRP=$1.3728, USD/JPY=156.825, Brent=$102.29, Gold=$4640.4
/Users/jacksonhemopo/Library/Python/3.9/lib/python/site-packages/urllib3/__init__.py:35: NotOpenSSLWarning: urllib3 v2 only supports OpenSSL 1.1.1+, currently the 'ssl' module is compiled with 'LibreSSL 2.8.3'. See: https://github.com/urllib3/urllib3/issues/3020
  warnings.warn(
Fetching live oracle data...
  BTC... $76308.47
  ETH... $2265.46
  XRP... $1.3699
  USD/JPY... 156.817
  Brent... $109.57
  Gold... $4639.9

Written to /Users/jacksonhemopo/.openclaw/workspace_ito/live_oracle.json
Done. BTC=$76308.47, ETH=$2265.46, XRP=$1.3699, USD/JPY=156.817, Brent=$109.57, Gold=$4639.9
/Users/jacksonhemopo/Library/Python/3.9/lib/python/site-packages/urllib3/__init__.py:35: NotOpenSSLWarning: urllib3 v2 only supports OpenSSL 1.1.1+, currently the 'ssl' module is compiled with 'LibreSSL 2.8.3'. See: https://github.com/urllib3/urllib3/issues/3020
  warnings.warn(
Fetching live oracle data...
  BTC... $76315.28
  ETH... $2263.77
  XRP... $1.3701
  USD/JPY... 156.81
  Brent... $108.43
  Gold... $4652.4

Written to /Users/jacksonhemopo/.openclaw/workspace_ito/live_oracle.json
Done. BTC=$76315.28, ETH=$2263.77, XRP=$1.3701, USD/JPY=156.81, Brent=$108.43, Gold=$4652.4
/Users/jacksonhemopo/Library/Python/3.9/lib/python/site-packages/urllib3/__init__.py:35: NotOpenSSLWarning: urllib3 v2 only supports OpenSSL 1.1.1+, currently the 'ssl' module is compiled with 'LibreSSL 2.8.3'. See: https://github.com/urllib3/urllib3/issues/3020
  warnings.warn(
Fetching live oracle data...
  BTC... $76396.19
  ETH... $2263.8
  XRP... $1.3684
  USD/JPY... 156.686
  Brent... $108.73
  Gold... $4645.3

Written to /Users/jacksonhemopo/.openclaw/workspace_ito/live_oracle.json
Done. BTC=$76396.19, ETH=$2263.8, XRP=$1.3684, USD/JPY=156.686, Brent=$108.73, Gold=$4645.3
/Users/jacksonhemopo/Library/Python/3.9/lib/python/site-packages/urllib3/__init__.py:35: NotOpenSSLWarning: urllib3 v2 only supports OpenSSL 1.1.1+, currently the 'ssl' module is compiled with 'LibreSSL 2.8.3'. See: https://github.com/urllib3/urllib3/issues/3020
  warnings.warn(
Fetching live oracle data...
  BTC... $76414.04
  ETH... $2263.54
  XRP... $1.3699
  USD/JPY... 156.938
  Brent... $109.69
  Gold... $4630.6

Written to /Users/jacksonhemopo/.openclaw/workspace_ito/live_oracle.json
Done. BTC=$76414.04, ETH=$2263.54, XRP=$1.3699, USD/JPY=156.938, Brent=$109.69, Gold=$4630.6
/Users/jacksonhemopo/Library/Python/3.9/lib/python/site-packages/urllib3/__init__.py:35: NotOpenSSLWarning: urllib3 v2 only supports OpenSSL 1.1.1+, currently the 'ssl' module is compiled with 'LibreSSL 2.8.3'. See: https://github.com/urllib3/urllib3/issues/3020
  warnings.warn(
Fetching live oracle data...
  BTC... $76280.0
  ETH... $2255.0
  XRP... $1.366
  USD/JPY... 156.8
  Brent... $109.83
  Gold... $4633.1

Written to /Users/jacksonhemopo/.openclaw/workspace_ito/live_oracle.json
Done. BTC=$76280.0, ETH=$2255.0, XRP=$1.366, USD/JPY=156.8, Brent=$109.83, Gold=$4633.1
/Users/jacksonhemopo/Library/Python/3.9/lib/python/site-packages/urllib3/__init__.py:35: NotOpenSSLWarning: urllib3 v2 only supports OpenSSL 1.1.1+, currently the 'ssl' module is compiled with 'LibreSSL 2.8.3'. See: https://github.com/urllib3/urllib3/issues/3020
  warnings.warn(
Fetching live oracle data...
  BTC... $76242.38
  ETH... $2255.19
  XRP... $1.3668
  USD/JPY... 156.688
  Brent... $109.81
  Gold... $4633.7

Written to /Users/jacksonhemopo/.openclaw/workspace_ito/live_oracle.json
Done. BTC=$76242.38, ETH=$2255.19, XRP=$1.3668, USD/JPY=156.688, Brent=$109.81, Gold=$4633.7
/Users/jacksonhemopo/Library/Python/3.9/lib/python/site-packages/urllib3/__init__.py:35: NotOpenSSLWarning: urllib3 v2 only supports OpenSSL 1.1.1+, currently the 'ssl' module is compiled with 'LibreSSL 2.8.3'. See: https://github.com/urllib3/urllib3/issues/3020
  warnings.warn(
Fetching live oracle data...
  BTC... $76301.24
  ETH... $2262.0
  XRP... $1.3682
  USD/JPY... 156.687
  Brent... $110.59
  Gold... $4631.5

Written to /Users/jacksonhemopo/.openclaw/workspace_ito/live_oracle.json
Done. BTC=$76301.24, ETH=$2262.0, XRP=$1.3682, USD/JPY=156.687, Brent=$110.59, Gold=$4631.5
/Users/jacksonhemopo/Library/Python/3.9/lib/python/site-packages/urllib3/__init__.py:35: NotOpenSSLWarning: urllib3 v2 only supports OpenSSL 1.1.1+, currently the 'ssl' module is compiled with 'LibreSSL 2.8.3'. See: https://github.com/urllib3/urllib3/issues/3020
  warnings.warn(
Fetching live oracle data...
  BTC... $76449.14
  ETH... $2265.42
  XRP... $1.3699
  USD/JPY... 156.669
  Brent... $109.69
  Gold... $4635.9

Written to /Users/jacksonhemopo/.openclaw/workspace_ito/live_oracle.json
Done. BTC=$76449.14, ETH=$2265.42, XRP=$1.3699, USD/JPY=156.669, Brent=$109.69, Gold=$4635.9
/Users/jacksonhemopo/Library/Python/3.9/lib/python/site-packages/urllib3/__init__.py:35: NotOpenSSLWarning: urllib3 v2 only supports OpenSSL 1.1.1+, currently the 'ssl' module is compiled with 'LibreSSL 2.8.3'. See: https://github.com/urllib3/urllib3/issues/3020
  warnings.warn(
Fetching live oracle data...
  BTC... $76479.7
  ETH... $2266.0
  XRP... $1.3698
  USD/JPY... 156.636
  Brent... $109.44
  Gold... $4634.7

Written to /Users/jacksonhemopo/.openclaw/workspace_ito/live_oracle.json
Done. BTC=$76479.7, ETH=$2266.0, XRP=$1.3698, USD/JPY=156.636, Brent=$109.44, Gold=$4634.7
/Users/jacksonhemopo/Library/Python/3.9/lib/python/site-packages/urllib3/__init__.py:35: NotOpenSSLWarning: urllib3 v2 only supports OpenSSL 1.1.1+, currently the 'ssl' module is compiled with 'LibreSSL 2.8.3'. See: https://github.com/urllib3/urllib3/issues/3020
  warnings.warn(
Fetching live oracle data...
  BTC... $76472.53
  ETH... $2265.7
  XRP... $1.3695
  USD/JPY... 156.663
  Brent... $109.89
  Gold... $4627.2

Written to /Users/jacksonhemopo/.openclaw/workspace_ito/live_oracle.json
Done. BTC=$76472.53, ETH=$2265.7, XRP=$1.3695, USD/JPY=156.663, Brent=$109.89, Gold=$4627.2
/Users/jacksonhemopo/Library/Python/3.9/lib/python/site-packages/urllib3/__init__.py:35: NotOpenSSLWarning: urllib3 v2 only supports OpenSSL 1.1.1+, currently the 'ssl' module is compiled with 'LibreSSL 2.8.3'. See: https://github.com/urllib3/urllib3/issues/3020
  warnings.warn(
Fetching live oracle data...
  BTC... $76376.51
  ETH... $2261.73
  XRP... $1.3673
  USD/JPY... 156.67
  Brent... $109.82
  Gold... $4626.3

Written to /Users/jacksonhemopo/.openclaw/workspace_ito/live_oracle.json
Done. BTC=$76376.51, ETH=$2261.73, XRP=$1.3673, USD/JPY=156.67, Brent=$109.82, Gold=$4626.3
/Users/jacksonhemopo/Library/Python/3.9/lib/python/site-packages/urllib3/__init__.py:35: NotOpenSSLWarning: urllib3 v2 only supports OpenSSL 1.1.1+, currently the 'ssl' module is compiled with 'LibreSSL 2.8.3'. See: https://github.com/urllib3/urllib3/issues/3020
  warnings.warn(
Fetching live oracle data...
  BTC... $76368.67
  ETH... $2261.73
  XRP... $1.3667
  USD/JPY... 156.666
  Brent... $110.01
  Gold... $4620.4

Written to /Users/jacksonhemopo/.openclaw/workspace_ito/live_oracle.json
Done. BTC=$76368.67, ETH=$2261.73, XRP=$1.3667, USD/JPY=156.666, Brent=$110.01, Gold=$4620.4
/Users/jacksonhemopo/Library/Python/3.9/lib/python/site-packages/urllib3/__init__.py:35: NotOpenSSLWarning: urllib3 v2 only supports OpenSSL 1.1.1+, currently the 'ssl' module is compiled with 'LibreSSL 2.8.3'. See: https://github.com/urllib3/urllib3/issues/3020
  warnings.warn(
Fetching live oracle data...
  BTC... $76249.98
  ETH... $2257.24
  XRP... $1.3659
  USD/JPY... 156.571
  Brent... $109.91
  Gold... $4627.1

Written to /Users/jacksonhemopo/.openclaw/workspace_ito/live_oracle.json
Done. BTC=$76249.98, ETH=$2257.24, XRP=$1.3659, USD/JPY=156.571, Brent=$109.91, Gold=$4627.1
/Users/jacksonhemopo/Library/Python/3.9/lib/python/site-packages/urllib3/__init__.py:35: NotOpenSSLWarning: urllib3 v2 only supports OpenSSL 1.1.1+, currently the 'ssl' module is compiled with 'LibreSSL 2.8.3'. See: https://github.com/urllib3/urllib3/issues/3020
  warnings.warn(
Fetching live oracle data...
  BTC... $76159.36
  ETH... $2254.54
  XRP... $1.3642
  USD/JPY... 156.579
  Brent... $109.41
  Gold... $4630.4

Written to /Users/jacksonhemopo/.openclaw/workspace_ito/live_oracle.json
Done. BTC=$76159.36, ETH=$2254.54, XRP=$1.3642, USD/JPY=156.579, Brent=$109.41, Gold=$4630.4
/Users/jacksonhemopo/Library/Python/3.9/lib/python/site-packages/urllib3/__init__.py:35: NotOpenSSLWarning: urllib3 v2 only supports OpenSSL 1.1.1+, currently the 'ssl' module is compiled with 'LibreSSL 2.8.3'. See: https://github.com/urllib3/urllib3/issues/3020
  warnings.warn(
Fetching live oracle data...
  BTC... $76163.73
  ETH... $2256.23
  XRP... $1.3662
  USD/JPY... 156.468
  Brent... $109.53
  Gold... $4631.0

Written to /Users/jacksonhemopo/.openclaw/workspace_ito/live_oracle.json
Done. BTC=$76163.73, ETH=$2256.23, XRP=$1.3662, USD/JPY=156.468, Brent=$109.53, Gold=$4631.0
/Users/jacksonhemopo/Library/Python/3.9/lib/python/site-packages/urllib3/__init__.py:35: NotOpenSSLWarning: urllib3 v2 only supports OpenSSL 1.1.1+, currently the 'ssl' module is compiled with 'LibreSSL 2.8.3'. See: https://github.com/urllib3/urllib3/issues/3020
  warnings.warn(
Fetching live oracle data...
  BTC... $76246.0
  ETH... $2257.74
  XRP... $1.368
  USD/JPY... 156.481
  Brent... $108.83
  Gold... $4628.8

Written to /Users/jacksonhemopo/.openclaw/workspace_ito/live_oracle.json
Done. BTC=$76246.0, ETH=$2257.74, XRP=$1.368, USD/JPY=156.481, Brent=$108.83, Gold=$4628.8
/Users/jacksonhemopo/Library/Python/3.9/lib/python/site-packages/urllib3/__init__.py:35: NotOpenSSLWarning: urllib3 v2 only supports OpenSSL 1.1.1+, currently the 'ssl' module is compiled with 'LibreSSL 2.8.3'. See: https://github.com/urllib3/urllib3/issues/3020
  warnings.warn(
Fetching live oracle data...
  BTC... $76423.85
  ETH... $2260.48
  XRP... $1.3705
  USD/JPY... 156.368
  Brent... $109.24
  Gold... $4635.1

Written to /Users/jacksonhemopo/.openclaw/workspace_ito/live_oracle.json
Done. BTC=$76423.85, ETH=$2260.48, XRP=$1.3705, USD/JPY=156.368, Brent=$109.24, Gold=$4635.1
/Users/jacksonhemopo/Library/Python/3.9/lib/python/site-packages/urllib3/__init__.py:35: NotOpenSSLWarning: urllib3 v2 only supports OpenSSL 1.1.1+, currently the 'ssl' module is compiled with 'LibreSSL 2.8.3'. See: https://github.com/urllib3/urllib3/issues/3020
  warnings.warn(
Fetching live oracle data...
  BTC... $76307.23
  ETH... $2258.29
  XRP... $1.3696
  USD/JPY... 156.328
  Brent... $110.55
  Gold... $4634.1

Written to /Users/jacksonhemopo/.openclaw/workspace_ito/live_oracle.json
Done. BTC=$76307.23, ETH=$2258.29, XRP=$1.3696, USD/JPY=156.328, Brent=$110.55, Gold=$4634.1
/Users/jacksonhemopo/Library/Python/3.9/lib/python/site-packages/urllib3/__init__.py:35: NotOpenSSLWarning: urllib3 v2 only supports OpenSSL 1.1.1+, currently the 'ssl' module is compiled with 'LibreSSL 2.8.3'. See: https://github.com/urllib3/urllib3/issues/3020
  warnings.warn(
Fetching live oracle data...
  BTC... $76336.04
  ETH... $2259.56
  XRP... $1.3698
  USD/JPY... 156.415
  Brent... $110.73
  Gold... $4634.3

Written to /Users/jacksonhemopo/.openclaw/workspace_ito/live_oracle.json
Done. BTC=$76336.04, ETH=$2259.56, XRP=$1.3698, USD/JPY=156.415, Brent=$110.73, Gold=$4634.3
/Users/jacksonhemopo/Library/Python/3.9/lib/python/site-packages/urllib3/__init__.py:35: NotOpenSSLWarning: urllib3 v2 only supports OpenSSL 1.1.1+, currently the 'ssl' module is compiled with 'LibreSSL 2.8.3'. See: https://github.com/urllib3/urllib3/issues/3020
  warnings.warn(
Fetching live oracle data...
  BTC... $76426.65
  ETH... $2263.12
  XRP... $1.372
  USD/JPY... 156.474
  Brent... $110.77
  Gold... $4638.4

Written to /Users/jacksonhemopo/.openclaw/workspace_ito/live_oracle.json
Done. BTC=$76426.65, ETH=$2263.12, XRP=$1.372, USD/JPY=156.474, Brent=$110.77, Gold=$4638.4
/Users/jacksonhemopo/Library/Python/3.9/lib/python/site-packages/urllib3/__init__.py:35: NotOpenSSLWarning: urllib3 v2 only supports OpenSSL 1.1.1+, currently the 'ssl' module is compiled with 'LibreSSL 2.8.3'. See: https://github.com/urllib3/urllib3/issues/3020
  warnings.warn(
Fetching live oracle data...
  BTC... $76493.12
  ETH... $2265.96
  XRP... $1.373
  USD/JPY... 156.445
  Brent... $110.51
  Gold... $4630.5

Written to /Users/jacksonhemopo/.openclaw/workspace_ito/live_oracle.json
Done. BTC=$76493.12, ETH=$2265.96, XRP=$1.373, USD/JPY=156.445, Brent=$110.51, Gold=$4630.5
/Users/jacksonhemopo/Library/Python/3.9/lib/python/site-packages/urllib3/__init__.py:35: NotOpenSSLWarning: urllib3 v2 only supports OpenSSL 1.1.1+, currently the 'ssl' module is compiled with 'LibreSSL 2.8.3'. See: https://github.com/urllib3/urllib3/issues/3020
  warnings.warn(
Fetching live oracle data...
  BTC... $76411.27
  ETH... $2261.88
  XRP... $1.3706
  USD/JPY... 156.56
  Brent... $110.63
  Gold... $4632.9

Written to /Users/jacksonhemopo/.openclaw/workspace_ito/live_oracle.json
Done. BTC=$76411.27, ETH=$2261.88, XRP=$1.3706, USD/JPY=156.56, Brent=$110.63, Gold=$4632.9
/Users/jacksonhemopo/Library/Python/3.9/lib/python/site-packages/urllib3/__init__.py:35: NotOpenSSLWarning: urllib3 v2 only supports OpenSSL 1.1.1+, currently the 'ssl' module is compiled with 'LibreSSL 2.8.3'. See: https://github.com/urllib3/urllib3/issues/3020
  warnings.warn(
Fetching live oracle data...
  BTC... $76397.89
  ETH... $2263.8
  XRP... $1.3691
  USD/JPY... 156.551
  Brent... $111.21
  Gold... $4629.5

Written to /Users/jacksonhemopo/.openclaw/workspace_ito/live_oracle.json
Done. BTC=$76397.89, ETH=$2263.8, XRP=$1.3691, USD/JPY=156.551, Brent=$111.21, Gold=$4629.5
/Users/jacksonhemopo/Library/Python/3.9/lib/python/site-packages/urllib3/__init__.py:35: NotOpenSSLWarning: urllib3 v2 only supports OpenSSL 1.1.1+, currently the 'ssl' module is compiled with 'LibreSSL 2.8.3'. See: https://github.com/urllib3/urllib3/issues/3020
  warnings.warn(
Fetching live oracle data...
  BTC... $76522.67
  ETH... $2265.09
  XRP... $1.3706
  USD/JPY... 156.575
  Brent... $111.21
  Gold... $4629.4

Written to /Users/jacksonhemopo/.openclaw/workspace_ito/live_oracle.json
Done. BTC=$76522.67, ETH=$2265.09, XRP=$1.3706, USD/JPY=156.575, Brent=$111.21, Gold=$4629.4
/Users/jacksonhemopo/Library/Python/3.9/lib/python/site-packages/urllib3/__init__.py:35: NotOpenSSLWarning: urllib3 v2 only supports OpenSSL 1.1.1+, currently the 'ssl' module is compiled with 'LibreSSL 2.8.3'. See: https://github.com/urllib3/urllib3/issues/3020
  warnings.warn(
Fetching live oracle data...
  BTC... $76492.45
  ETH... $2264.12
  XRP... $1.3699
  USD/JPY... 156.493
  Brent... $111.21
  Gold... $4631.4

Written to /Users/jacksonhemopo/.openclaw/workspace_ito/live_oracle.json
Done. BTC=$76492.45, ETH=$2264.12, XRP=$1.3699, USD/JPY=156.493, Brent=$111.21, Gold=$4631.4
/Users/jacksonhemopo/Library/Python/3.9/lib/python/site-packages/urllib3/__init__.py:35: NotOpenSSLWarning: urllib3 v2 only supports OpenSSL 1.1.1+, currently the 'ssl' module is compiled with 'LibreSSL 2.8.3'. See: https://github.com/urllib3/urllib3/issues/3020
  warnings.warn(
Fetching live oracle data...
  BTC... $76442.6
  ETH... $2261.64
  XRP... $1.3698
  USD/JPY... 156.532
  Brent... $111.23
  Gold... $4636.0

Written to /Users/jacksonhemopo/.openclaw/workspace_ito/live_oracle.json
Done. BTC=$76442.6, ETH=$2261.64, XRP=$1.3698, USD/JPY=156.532, Brent=$111.23, Gold=$4636.0
/Users/jacksonhemopo/Library/Python/3.9/lib/python/site-packages/urllib3/__init__.py:35: NotOpenSSLWarning: urllib3 v2 only supports OpenSSL 1.1.1+, currently the 'ssl' module is compiled with 'LibreSSL 2.8.3'. See: https://github.com/urllib3/urllib3/issues/3020
  warnings.warn(
Fetching live oracle data...
  BTC... $76318.16
  ETH... $2256.36
  XRP... $1.3653
  USD/JPY... 156.724
  Brent... $111.36
  Gold... $4643.9

Written to /Users/jacksonhemopo/.openclaw/workspace_ito/live_oracle.json
Done. BTC=$76318.16, ETH=$2256.36, XRP=$1.3653, USD/JPY=156.724, Brent=$111.36, Gold=$4643.9
/Users/jacksonhemopo/Library/Python/3.9/lib/python/site-packages/urllib3/__init__.py:35: NotOpenSSLWarning: urllib3 v2 only supports OpenSSL 1.1.1+, currently the 'ssl' module is compiled with 'LibreSSL 2.8.3'. See: https://github.com/urllib3/urllib3/issues/3020
  warnings.warn(
Fetching live oracle data...
  BTC... $76250.0
  ETH... $2254.8
  XRP... $1.365
  USD/JPY... 156.664
  Brent... $111.49
  Gold... $4644.4

Written to /Users/jacksonhemopo/.openclaw/workspace_ito/live_oracle.json
Done. BTC=$76250.0, ETH=$2254.8, XRP=$1.365, USD/JPY=156.664, Brent=$111.49, Gold=$4644.4
/Users/jacksonhemopo/Library/Python/3.9/lib/python/site-packages/urllib3/__init__.py:35: NotOpenSSLWarning: urllib3 v2 only supports OpenSSL 1.1.1+, currently the 'ssl' module is compiled with 'LibreSSL 2.8.3'. See: https://github.com/urllib3/urllib3/issues/3020
  warnings.warn(
Fetching live oracle data...
  BTC... $76315.61
  ETH... $2256.59
  XRP... $1.3657
  USD/JPY... 156.755
  Brent... $111.51
  Gold... $4641.9

Written to /Users/jacksonhemopo/.openclaw/workspace_ito/live_oracle.json
Done. BTC=$76315.61, ETH=$2256.59, XRP=$1.3657, USD/JPY=156.755, Brent=$111.51, Gold=$4641.9
/Users/jacksonhemopo/Library/Python/3.9/lib/python/site-packages/urllib3/__init__.py:35: NotOpenSSLWarning: urllib3 v2 only supports OpenSSL 1.1.1+, currently the 'ssl' module is compiled with 'LibreSSL 2.8.3'. See: https://github.com/urllib3/urllib3/issues/3020
  warnings.warn(
Fetching live oracle data...
  BTC... $76342.75
  ETH... $2258.37
  XRP... $1.3673
  USD/JPY... 156.787
  Brent... $111.62
  Gold... $4643.2

Written to /Users/jacksonhemopo/.openclaw/workspace_ito/live_oracle.json
Done. BTC=$76342.75, ETH=$2258.37, XRP=$1.3673, USD/JPY=156.787, Brent=$111.62, Gold=$4643.2
/Users/jacksonhemopo/Library/Python/3.9/lib/python/site-packages/urllib3/__init__.py:35: NotOpenSSLWarning: urllib3 v2 only supports OpenSSL 1.1.1+, currently the 'ssl' module is compiled with 'LibreSSL 2.8.3'. See: https://github.com/urllib3/urllib3/issues/3020
  warnings.warn(
Fetching live oracle data...
  BTC... $76338.14
  ETH... $2257.75
  XRP... $1.3681
  USD/JPY... 156.978
  Brent... $111.7
  Gold... $4643.5

Written to /Users/jacksonhemopo/.openclaw/workspace_ito/live_oracle.json
Done. BTC=$76338.14, ETH=$2257.75, XRP=$1.3681, USD/JPY=156.978, Brent=$111.7, Gold=$4643.5
/Users/jacksonhemopo/Library/Python/3.9/lib/python/site-packages/urllib3/__init__.py:35: NotOpenSSLWarning: urllib3 v2 only supports OpenSSL 1.1.1+, currently the 'ssl' module is compiled with 'LibreSSL 2.8.3'. See: https://github.com/urllib3/urllib3/issues/3020
  warnings.warn(
Fetching live oracle data...
  BTC... $76513.57
  ETH... $2262.88
  XRP... $1.3712
  USD/JPY... 157.148
  Brent... $111.4
  Gold... $4639.8

Written to /Users/jacksonhemopo/.openclaw/workspace_ito/live_oracle.json
Done. BTC=$76513.57, ETH=$2262.88, XRP=$1.3712, USD/JPY=157.148, Brent=$111.4, Gold=$4639.8
/Users/jacksonhemopo/Library/Python/3.9/lib/python/site-packages/urllib3/__init__.py:35: NotOpenSSLWarning: urllib3 v2 only supports OpenSSL 1.1.1+, currently the 'ssl' module is compiled with 'LibreSSL 2.8.3'. See: https://github.com/urllib3/urllib3/issues/3020
  warnings.warn(
Fetching live oracle data...
  BTC... $76464.99
  ETH... $2261.87
  XRP... $1.3677
  USD/JPY... 157.242
  Brent... $111.6
  Gold... $4635.8

Written to /Users/jacksonhemopo/.openclaw/workspace_ito/live_oracle.json
Done. BTC=$76464.99, ETH=$2261.87, XRP=$1.3677, USD/JPY=157.242, Brent=$111.6, Gold=$4635.8
/Users/jacksonhemopo/Library/Python/3.9/lib/python/site-packages/urllib3/__init__.py:35: NotOpenSSLWarning: urllib3 v2 only supports OpenSSL 1.1.1+, currently the 'ssl' module is compiled with 'LibreSSL 2.8.3'. See: https://github.com/urllib3/urllib3/issues/3020
  warnings.warn(
Fetching live oracle data...
  BTC... $76458.06
  ETH... $2260.14
  XRP... $1.3691
  USD/JPY... 157.075
  Brent... $111.43
  Gold... $4634.6

Written to /Users/jacksonhemopo/.openclaw/workspace_ito/live_oracle.json
Done. BTC=$76458.06, ETH=$2260.14, XRP=$1.3691, USD/JPY=157.075, Brent=$111.43, Gold=$4634.6
/Users/jacksonhemopo/Library/Python/3.9/lib/python/site-packages/urllib3/__init__.py:35: NotOpenSSLWarning: urllib3 v2 only supports OpenSSL 1.1.1+, currently the 'ssl' module is compiled with 'LibreSSL 2.8.3'. See: https://github.com/urllib3/urllib3/issues/3020
  warnings.warn(
Fetching live oracle data...
  BTC... $76616.7
  ETH... $2264.37
  XRP... $1.3697
  USD/JPY... 157.192
  Brent... $111.94
  Gold... $4629.9

Written to /Users/jacksonhemopo/.openclaw/workspace_ito/live_oracle.json
Done. BTC=$76616.7, ETH=$2264.37, XRP=$1.3697, USD/JPY=157.192, Brent=$111.94, Gold=$4629.9
/Users/jacksonhemopo/Library/Python/3.9/lib/python/site-packages/urllib3/__init__.py:35: NotOpenSSLWarning: urllib3 v2 only supports OpenSSL 1.1.1+, currently the 'ssl' module is compiled with 'LibreSSL 2.8.3'. See: https://github.com/urllib3/urllib3/issues/3020
  warnings.warn(
Fetching live oracle data...
  BTC... $76585.36
  ETH... $2264.11
  XRP... $1.3698
  USD/JPY... 157.169
  Brent... $111.68
  Gold... $4628.2

Written to /Users/jacksonhemopo/.openclaw/workspace_ito/live_oracle.json
Done. BTC=$76585.36, ETH=$2264.11, XRP=$1.3698, USD/JPY=157.169, Brent=$111.68, Gold=$4628.2
/Users/jacksonhemopo/Library/Python/3.9/lib/python/site-packages/urllib3/__init__.py:35: NotOpenSSLWarning: urllib3 v2 only supports OpenSSL 1.1.1+, currently the 'ssl' module is compiled with 'LibreSSL 2.8.3'. See: https://github.com/urllib3/urllib3/issues/3020
  warnings.warn(
Fetching live oracle data...
  BTC... $76695.0
  ETH... $2268.01
  XRP... $1.3715
  USD/JPY... 157.197
  Brent... $111.61
  Gold... $4631.6

Written to /Users/jacksonhemopo/.openclaw/workspace_ito/live_oracle.json
Done. BTC=$76695.0, ETH=$2268.01, XRP=$1.3715, USD/JPY=157.197, Brent=$111.61, Gold=$4631.6
/Users/jacksonhemopo/Library/Python/3.9/lib/python/site-packages/urllib3/__init__.py:35: NotOpenSSLWarning: urllib3 v2 only supports OpenSSL 1.1.1+, currently the 'ssl' module is compiled with 'LibreSSL 2.8.3'. See: https://github.com/urllib3/urllib3/issues/3020
  warnings.warn(
Fetching live oracle data...
  BTC... $76616.4
  ETH... $2265.55
  XRP... $1.3695
  USD/JPY... 157.176
  Brent... $111.34
  Gold... $4638.2

Written to /Users/jacksonhemopo/.openclaw/workspace_ito/live_oracle.json
Done. BTC=$76616.4, ETH=$2265.55, XRP=$1.3695, USD/JPY=157.176, Brent=$111.34, Gold=$4638.2
/Users/jacksonhemopo/Library/Python/3.9/lib/python/site-packages/urllib3/__init__.py:35: NotOpenSSLWarning: urllib3 v2 only supports OpenSSL 1.1.1+, currently the 'ssl' module is compiled with 'LibreSSL 2.8.3'. See: https://github.com/urllib3/urllib3/issues/3020
  warnings.warn(
Fetching live oracle data...
  BTC... $76610.9
  ETH... $2267.07
  XRP... $1.3702
  USD/JPY... 157.18
  Brent... $111.85
  Gold... $4641.1

Written to /Users/jacksonhemopo/.openclaw/workspace_ito/live_oracle.json
Done. BTC=$76610.9, ETH=$2267.07, XRP=$1.3702, USD/JPY=157.18, Brent=$111.85, Gold=$4641.1
/Users/jacksonhemopo/Library/Python/3.9/lib/python/site-packages/urllib3/__init__.py:35: NotOpenSSLWarning: urllib3 v2 only supports OpenSSL 1.1.1+, currently the 'ssl' module is compiled with 'LibreSSL 2.8.3'. See: https://github.com/urllib3/urllib3/issues/3020
  warnings.warn(
Fetching live oracle data...
  BTC... $76589.55
  ETH... $2266.96
  XRP... $1.3699
  USD/JPY... 157.219
  Brent... $111.9
  Gold... $4632.6

Written to /Users/jacksonhemopo/.openclaw/workspace_ito/live_oracle.json
Done. BTC=$76589.55, ETH=$2266.96, XRP=$1.3699, USD/JPY=157.219, Brent=$111.9, Gold=$4632.6
/Users/jacksonhemopo/Library/Python/3.9/lib/python/site-packages/urllib3/__init__.py:35: NotOpenSSLWarning: urllib3 v2 only supports OpenSSL 1.1.1+, currently the 'ssl' module is compiled with 'LibreSSL 2.8.3'. See: https://github.com/urllib3/urllib3/issues/3020
  warnings.warn(
Fetching live oracle data...
  BTC... $77285.77
  ETH... $2289.98
  XRP... $1.3783
  USD/JPY... 157.227
  Brent... $111.4
  Gold... $4630.4

Written to /Users/jacksonhemopo/.openclaw/workspace_ito/live_oracle.json
Done. BTC=$77285.77, ETH=$2289.98, XRP=$1.3783, USD/JPY=157.227, Brent=$111.4, Gold=$4630.4
/Users/jacksonhemopo/Library/Python/3.9/lib/python/site-packages/urllib3/__init__.py:35: NotOpenSSLWarning: urllib3 v2 only supports OpenSSL 1.1.1+, currently the 'ssl' module is compiled with 'LibreSSL 2.8.3'. See: https://github.com/urllib3/urllib3/issues/3020
  warnings.warn(
Fetching live oracle data...
  BTC... $77117.9
  ETH... $2280.2
  XRP... $1.376
  USD/JPY... 157.068
  Brent... $111.54
  Gold... $4637.9

Written to /Users/jacksonhemopo/.openclaw/workspace_ito/live_oracle.json
Done. BTC=$77117.9, ETH=$2280.2, XRP=$1.376, USD/JPY=157.068, Brent=$111.54, Gold=$4637.9
/Users/jacksonhemopo/Library/Python/3.9/lib/python/site-packages/urllib3/__init__.py:35: NotOpenSSLWarning: urllib3 v2 only supports OpenSSL 1.1.1+, currently the 'ssl' module is compiled with 'LibreSSL 2.8.3'. See: https://github.com/urllib3/urllib3/issues/3020
  warnings.warn(
Fetching live oracle data...
  BTC... $77139.67
  ETH... $2283.11
  XRP... $1.3765
  USD/JPY... 157.188
  Brent... $111.55
  Gold... $4637.7

Written to /Users/jacksonhemopo/.openclaw/workspace_ito/live_oracle.json
Done. BTC=$77139.67, ETH=$2283.11, XRP=$1.3765, USD/JPY=157.188, Brent=$111.55, Gold=$4637.7
/Users/jacksonhemopo/Library/Python/3.9/lib/python/site-packages/urllib3/__init__.py:35: NotOpenSSLWarning: urllib3 v2 only supports OpenSSL 1.1.1+, currently the 'ssl' module is compiled with 'LibreSSL 2.8.3'. See: https://github.com/urllib3/urllib3/issues/3020
  warnings.warn(
Fetching live oracle data...
  BTC... $77195.08
  ETH... $2285.21
  XRP... $1.3779
  USD/JPY... 157.154
  Brent... $111.37
  Gold... $4632.5

Written to /Users/jacksonhemopo/.openclaw/workspace_ito/live_oracle.json
Done. BTC=$77195.08, ETH=$2285.21, XRP=$1.3779, USD/JPY=157.154, Brent=$111.37, Gold=$4632.5
/Users/jacksonhemopo/Library/Python/3.9/lib/python/site-packages/urllib3/__init__.py:35: NotOpenSSLWarning: urllib3 v2 only supports OpenSSL 1.1.1+, currently the 'ssl' module is compiled with 'LibreSSL 2.8.3'. See: https://github.com/urllib3/urllib3/issues/3020
  warnings.warn(
Fetching live oracle data...
  BTC... $77072.7
  ETH... $2280.26
  XRP... $1.3763
  USD/JPY... 157.215
  Brent... $111.22
  Gold... $4629.4

Written to /Users/jacksonhemopo/.openclaw/workspace_ito/live_oracle.json
Done. BTC=$77072.7, ETH=$2280.26, XRP=$1.3763, USD/JPY=157.215, Brent=$111.22, Gold=$4629.4
/Users/jacksonhemopo/Library/Python/3.9/lib/python/site-packages/urllib3/__init__.py:35: NotOpenSSLWarning: urllib3 v2 only supports OpenSSL 1.1.1+, currently the 'ssl' module is compiled with 'LibreSSL 2.8.3'. See: https://github.com/urllib3/urllib3/issues/3020
  warnings.warn(
Fetching live oracle data...
  BTC... $77042.45
  ETH... $2280.12
  XRP... $1.3759
  USD/JPY... 157.234
  Brent... $111.05
  Gold... $4622.2

Written to /Users/jacksonhemopo/.openclaw/workspace_ito/live_oracle.json
Done. BTC=$77042.45, ETH=$2280.12, XRP=$1.3759, USD/JPY=157.234, Brent=$111.05, Gold=$4622.2
/Users/jacksonhemopo/Library/Python/3.9/lib/python/site-packages/urllib3/__init__.py:35: NotOpenSSLWarning: urllib3 v2 only supports OpenSSL 1.1.1+, currently the 'ssl' module is compiled with 'LibreSSL 2.8.3'. See: https://github.com/urllib3/urllib3/issues/3020
  warnings.warn(
Fetching live oracle data...
  BTC... $77062.7
  ETH... $2282.75
  XRP... $1.3762
  USD/JPY... 157.268
  Brent... $111.0
  Gold... $4624.3

Written to /Users/jacksonhemopo/.openclaw/workspace_ito/live_oracle.json
Done. BTC=$77062.7, ETH=$2282.75, XRP=$1.3762, USD/JPY=157.268, Brent=$111.0, Gold=$4624.3
/Users/jacksonhemopo/Library/Python/3.9/lib/python/site-packages/urllib3/__init__.py:35: NotOpenSSLWarning: urllib3 v2 only supports OpenSSL 1.1.1+, currently the 'ssl' module is compiled with 'LibreSSL 2.8.3'. See: https://github.com/urllib3/urllib3/issues/3020
  warnings.warn(
Fetching live oracle data...
  BTC... $77106.21
  ETH... $2283.04
  XRP... $1.3759
  USD/JPY... 157.263
  Brent... $111.06
  Gold... $4626.0

Written to /Users/jacksonhemopo/.openclaw/workspace_ito/live_oracle.json
Done. BTC=$77106.21, ETH=$2283.04, XRP=$1.3759, USD/JPY=157.263, Brent=$111.06, Gold=$4626.0
/Users/jacksonhemopo/Library/Python/3.9/lib/python/site-packages/urllib3/__init__.py:35: NotOpenSSLWarning: urllib3 v2 only supports OpenSSL 1.1.1+, currently the 'ssl' module is compiled with 'LibreSSL 2.8.3'. See: https://github.com/urllib3/urllib3/issues/3020
  warnings.warn(
Fetching live oracle data...
  BTC... $77173.53
  ETH... $2283.57
  XRP... $1.3766
  USD/JPY... 157.271
  Brent... $111.08
  Gold... $4622.8

Written to /Users/jacksonhemopo/.openclaw/workspace_ito/live_oracle.json
Done. BTC=$77173.53, ETH=$2283.57, XRP=$1.3766, USD/JPY=157.271, Brent=$111.08, Gold=$4622.8
/Users/jacksonhemopo/Library/Python/3.9/lib/python/site-packages/urllib3/__init__.py:35: NotOpenSSLWarning: urllib3 v2 only supports OpenSSL 1.1.1+, currently the 'ssl' module is compiled with 'LibreSSL 2.8.3'. See: https://github.com/urllib3/urllib3/issues/3020
  warnings.warn(
Fetching live oracle data...
  BTC... $77137.93
  ETH... $2285.75
  XRP... $1.3787
  USD/JPY... 157.245
  Brent... $111.36
  Gold... $4614.6

Written to /Users/jacksonhemopo/.openclaw/workspace_ito/live_oracle.json
Done. BTC=$77137.93, ETH=$2285.75, XRP=$1.3787, USD/JPY=157.245, Brent=$111.36, Gold=$4614.6
/Users/jacksonhemopo/Library/Python/3.9/lib/python/site-packages/urllib3/__init__.py:35: NotOpenSSLWarning: urllib3 v2 only supports OpenSSL 1.1.1+, currently the 'ssl' module is compiled with 'LibreSSL 2.8.3'. See: https://github.com/urllib3/urllib3/issues/3020
  warnings.warn(
Fetching live oracle data...
  BTC... $77053.22
  ETH... $2280.82
  XRP... $1.3754
  USD/JPY... 157.149
  Brent... $111.86
  Gold... $4605.4

Written to /Users/jacksonhemopo/.openclaw/workspace_ito/live_oracle.json
Done. BTC=$77053.22, ETH=$2280.82, XRP=$1.3754, USD/JPY=157.149, Brent=$111.86, Gold=$4605.4
/Users/jacksonhemopo/Library/Python/3.9/lib/python/site-packages/urllib3/__init__.py:35: NotOpenSSLWarning: urllib3 v2 only supports OpenSSL 1.1.1+, currently the 'ssl' module is compiled with 'LibreSSL 2.8.3'. See: https://github.com/urllib3/urllib3/issues/3020
  warnings.warn(
Fetching live oracle data...
  BTC... $76993.49
  ETH... $2277.46
  XRP... $1.3733
  USD/JPY... 155.948
  Brent... $112.0
  Gold... $4603.7

Written to /Users/jacksonhemopo/.openclaw/workspace_ito/live_oracle.json
Done. BTC=$76993.49, ETH=$2277.46, XRP=$1.3733, USD/JPY=155.948, Brent=$112.0, Gold=$4603.7
/Users/jacksonhemopo/Library/Python/3.9/lib/python/site-packages/urllib3/__init__.py:35: NotOpenSSLWarning: urllib3 v2 only supports OpenSSL 1.1.1+, currently the 'ssl' module is compiled with 'LibreSSL 2.8.3'. See: https://github.com/urllib3/urllib3/issues/3020
  warnings.warn(
Fetching live oracle data...
  BTC... $77037.93
  ETH... $2277.36
  XRP... $1.3741
  USD/JPY... 156.378
  Brent... $111.39
  Gold... $4604.9

Written to /Users/jacksonhemopo/.openclaw/workspace_ito/live_oracle.json
Done. BTC=$77037.93, ETH=$2277.36, XRP=$1.3741, USD/JPY=156.378, Brent=$111.39, Gold=$4604.9
/Users/jacksonhemopo/Library/Python/3.9/lib/python/site-packages/urllib3/__init__.py:35: NotOpenSSLWarning: urllib3 v2 only supports OpenSSL 1.1.1+, currently the 'ssl' module is compiled with 'LibreSSL 2.8.3'. See: https://github.com/urllib3/urllib3/issues/3020
  warnings.warn(
Fetching live oracle data...
  BTC... $77010.6
  ETH... $2275.5
  XRP... $1.3739
  USD/JPY... 156.477
  Brent... $110.83
  Gold... $4603.8

Written to /Users/jacksonhemopo/.openclaw/workspace_ito/live_oracle.json
Done. BTC=$77010.6, ETH=$2275.5, XRP=$1.3739, USD/JPY=156.477, Brent=$110.83, Gold=$4603.8
/Users/jacksonhemopo/Library/Python/3.9/lib/python/site-packages/urllib3/__init__.py:35: NotOpenSSLWarning: urllib3 v2 only supports OpenSSL 1.1.1+, currently the 'ssl' module is compiled with 'LibreSSL 2.8.3'. See: https://github.com/urllib3/urllib3/issues/3020
  warnings.warn(
Fetching live oracle data...
  BTC... $77130.55
  ETH... $2279.53
  XRP... $1.3748
  USD/JPY... 156.618
  Brent... $104.21
  Gold... $4595.4

Written to /Users/jacksonhemopo/.openclaw/workspace_ito/live_oracle.json
Done. BTC=$77130.55, ETH=$2279.53, XRP=$1.3748, USD/JPY=156.618, Brent=$104.21, Gold=$4595.4
/Users/jacksonhemopo/Library/Python/3.9/lib/python/site-packages/urllib3/__init__.py:35: NotOpenSSLWarning: urllib3 v2 only supports OpenSSL 1.1.1+, currently the 'ssl' module is compiled with 'LibreSSL 2.8.3'. See: https://github.com/urllib3/urllib3/issues/3020
  warnings.warn(
Fetching live oracle data...
  BTC... $77353.11
  ETH... $2284.43
  XRP... $1.3785
  USD/JPY... 156.419
  Brent... $104.41
  Gold... $4591.0

Written to /Users/jacksonhemopo/.openclaw/workspace_ito/live_oracle.json
Done. BTC=$77353.11, ETH=$2284.43, XRP=$1.3785, USD/JPY=156.419, Brent=$104.41, Gold=$4591.0
